HXYL 29886280 SYH034 TYH035 DWF036 EKS157 ZUZ215 WIN308 RNQ341 GNP369 UKG641 QFY780 DBS877
YOUI 29977216 BDQ015 NVP624 NFB674 DCX713 YIW959
POOS 29986208 NAL129 KXO722 CLX991
OAWG 29990472 ECS909 POB955
TDNM 29969913 JDQ023 KVV387 SUO637 BID677 WEX794 MYM833 UVH943 CXI948
FCVA 30001979 PLN394 VAD449 NSP531 FDV824 XVH946
UGQI 29951619 YWD134 WUW329 WFG488 LKI554 UCB588 LSM646 XYR649 DMB881
STPX 29915635 LTB106 ICN108 EGQ111 SQY123 XWD133 JLT154 DBK189 BRU293 GLK502 APJ659 FEA674 CFZ727
TBJD 30002549 AMO371 ZEE538
POPG 29965559 VSD007 MSW257 JFJ358 KOP404 ZWV433 BIJ443 TSQ498 IXK876
IDOJ 29992901 TBG361 ALK496 XVP634 KSJ762 ATF939
GBQK 30000336 SNY030 JVC127 KPW162 RVB174 BVX300 EZX427 WHI472 TVT474
FNKW 30003567 VCL199 QFK326 HQD931
LEHG 29991868 DAF353 WVW360 FNO407 HHI457 SPM560
FTXF 29970092 MLM430 ORI774
WKST 29995128 DKQ234 VBF402 DAC470 ZKJ529 XLH636 GWP648 VYQ686
UGQX 29971891 KYE143 XZZ368 RTS449 ZDE507 XJF652 HRI767
ACEA 30003238 JQZ075 UMT196 LBZ612 EIE641 EUN662 BOH707 IUL744 RBU813 TRF896 GSF914 KLZ921
YZIS 30003450 LHZ798 JYJ947
QEXQ 29998156 XTB118 LXD152 HQU268 AKL426 YMK551 QIG575 WKH604 DCY674 QLC824 VZL912 MZJ981
RFWP 29985086 KLR233 MSO569 WWR586 OOJ642 YGZ780 RRG855 MVI896 NET941
URES 29965258 FZG091 WQY127 KSW255 UZZ365 GKM393 WXU500 FCB573 SBY658 WND853 QNB925
DAXL 29963351 TNU187 OQP470 VGW894
NOUK 29989303 ZHR124 UUB146 KNU178 YXW424 CBB539 LPL592 WQG829 OMC853 COB942
EOOX 29948703 BZA321 ISR448 OKE713 BIY858 BQD925 ZLY975
YVBA 30001316 OQA055 GTC062 OLI588 PGE590 PHE621 YLG676 ZDX766 XBV780 EVK810 FMA922
IQGY 30002214 HBJ232 PZO789 XCT889
QLFJ 29995956 OER020 WSZ150 LWC160 NXA271 MWT498 CKH584 QNH691 VUM718 IPH745 XND854
TSKH 29951536 LYG066 NTA147 VKR213 NHN268 MSR452 TXV458 CUP582 PFY779 CAR884 OYK913
MYNF 29985192 WWE093 HVW345
EORJ 29973167 KVE050 YAM101 JMV107 QLR239 QVY276 VWX351 MEH408 NFG479 LTO599 FPI703 XRD978
KFNS 29991951 DZF128 LRQ459 TNM499
IWVN 30003523 ESA107 WRZ119 ODN145 RVA213 YJQ224 ZXV464 EDD525 MDB611 JPF824 VTH882
ZFBB 29983325 QQA057 CGO187 IUZ198 YXZ307 DPH740 UCW769 PEV865 SUI871 HCS912
LCEY 29963955 HHJ418 CDD523 UTH881 CSE949
UZXT 29960470 EBN073 AWZ252 VSW266 WDK270 CAC469 USQ499 DYJ941 GZJ975 VYI998
EORT 29985838 LXQ645 THD664 NWO694
FATE 29990154 MQY117 SRS388 IYX400 ZOP419 VNN462 DQO498 WMF744 EDX745 YVL791 VYL881 AEU889 QQE901
MYNL 29961818 AZG086 CKR194 ESW249 EFL275 YDH389 CFE546 KXS566 AEW811 OGW887
NXII 29977168 LKM398 SQJ708 ZDY727
ATGB 29861439 COV162 YVB181 JTX246 GFH433
TQJB 30000207 QCH350 XWN743
AMYZ 29879607 OCN114 QAK171 EQT304
PSZJ 29994579 NIQ182 GMP338 PWX345 HZZ352 YVV401 JNO411 BGB693 EYP708 BJC747 RZO791 NIW948 KPB981
XHLZ 29961371 BKS154 EVX303 HVS501 ABW718 WMA939
HCRO 29943843 SBJ243 WXZ305 PVN704
JCLK 29962223 CEQ047 ETB099 XNU191 CAJ196 FGF541 FVQ577 FOJ633 EJD711 BJZ850 UXK888 IDT905 FVG967
BNXQ 29999275 HQB009 GLR229 YUR526 EZS622
JTNB 29988823 QNU184 VGO206 SND849
AVJX 29955906 EOZ008 YGN248 EWQ607 GMG689 WEA691
AEIH 29990646 NWT499 LIH531 UZS638 YPK644 GDW786 QMD816
CEEB 29895612 ANK558 HMI612 FSL679 YNF777 IOC909 TQD943
QARF 30004710 RZH064 RHG545 GNK564
IQIB 30004531 ORC008 IBO038 IZE172 RCG390 ZKM412 XHI473 LLI585 GKD744 WLC830 QMZ958
FJDC 29974693 HMS222 WZD225 LQV233 RGN241 NQU274 CFG468 WKK487 EVR537 TSN615 OAX662 DKE702 BGA732
VDIH 29986667 QMR270 OXW414 WWT508 YQO519 YFD607 NYP717
GOKL 29970748 TVC137 YGK365 TBE439 POO448
TBKL 30003531 UMY001 ORS384 AJL395 ZDG429 WVO672 SEA687 JAW696
IOEM 30000240 TUA184 ZMS240 SSU341 QIM342 KPM552 RPI715 WSI813 QHX881 HIW942
BJQZ 29936645 QDP069 UFL291 CZY386 MTO600 HCA614 VRH820 GPC938 PES982
ROJU 29973435 HTA141 FZB286 FKO314 YJY912
LZRP 29940493 TFR056 AOU199 ZGE600
XJOV 29938597 ZDQ039 DSY170 HOU206 ASW245 TDK267 ZMQ318 EAW691 HHW911 FFU925 PPC947
NZLU 29986417 QRZ113 SUZ208
ZRYY 29977805 HTX244 HSU330 TQR397 URQ468 LVS505 JJH560 XHF590 IWQ611 LWL809 ESG873 BSE948
LMYL 29978434 EXQ638 XEA692
QPPB 29975183 FSZ133 PUU400 HJL402 YLJ559 XNJ620 WUJ836
TYYD 30004742 EPW156 VCK238 DXX364 GJI518 BNK559 QXS572 IXP681 BFX804 OZN827 PNC885 UTF959 CRC996
BUFV 30003448 CZH049 ZMU162 WJO300 MEG447 ELL461 YDF467
OJJG 29854866 SUB144 WKN370 BBW719 TRJ740 LYM832 BGT991
YOYM 29992356 MXG036 DXD144 BAW688 ULY970
UIYI 29989700 GWF038 BLV068 SXU496 PVR548 HIG566 IZR665 YUI877
AVMU 29967763 BSC026 GPP431 XFG489 MPH749 CUH894 KXJ917 UPC952 YSE971
POSU 29991686 TDO111 HOT245 KMR264 LGL313 BJK435 RBD476 PPI713
STTT 29903913 RRP504 HCX717 SXN769 EPE858 SYL878 GXJ913 AIW935
NKQW 29992199 SAJ212 SRT349 SBD477 WZW484 VDE503 HSI798 AKZ880 LDS947
HCTD 29998435 PMU152 WGG519 PRO541 UYR646 BLF692
NMVF 29993576 ATC056 LNI647 ZUM722 XVJ868
VUMR 30000932 RXG041 UIR150 NDK261 DVY263 NCJ269 LQU272 UYX412 WFZ747 MVL779 OJY902 YQD948
WEKD 29913870 KAI243 XIK426 NOM524 ZCC554 BSO558 XKG644 WTN649 DMD803 YPC956 ZDS961 FWG998
PGDB 29974601 ELS188 CYY355 LJY899
NGJE 29982342 YSB088 UYD192 MOT250 BXY323 WYU531 NHF580 QKH598 ONJ611 FEB635 YRK706 ABT835
ZYJF 29951679 PWB203 ZWW394 KHY836
OWFO 29940446 WTV337 LWI926
WTIK 29955172 EPY078 CTB097 YMU161 RWY308 AWR564 API698 TPG795 NRH812 SFU938 TAQ940 GDS942 QCR960
OHIJ 29990478 YFM256 WRQ470 JOL559 NBY653 CGA733
NMTY 29983848 WJS144 PUY244 PXS571 EUP584 TEA688 CSD988
IUSI 29970293 XPX136 BOQ356 NVO663 ZAT829 NHY839 MVJ857
YKPF 30003752 VEP105 KSX216 RPR364
IOGB 30003731 KMU147 ZPT294 IJN325 CIJ444 YRN589 IMI613 LAY620 JJC755 NPE867 MVG974
XNYO 29976982 TDQ033 FXF068 BEL241 HIN293 DCH337 SWQ621 CEZ696 USK733 KRD965 NWH967
XWJL 29986502 YWR588 YPJ683 CGZ758
TBMK 29982256 OMF736 ZHX890
KWQM 29984907 BSX207 DCJ259 STV333 PHZ802 UKB836
JGUA 29909159 DLO343 LGD625 RSG886
UTNF 29968603 BJT084 SGR086 ADI326 FFI393 BTT394 CQP458 RWO698 HEZ701 UDX761 BSI792 XCS928
OHHD 29971733 LUE020 VRY157 CUY231 PRV268 CIK405 IHG536 QVN705 BZP736 KDX751 NMD813 BCT867 VXI967
OHHC 30003545 VLV088 LXS567 XNI659 VHA783 QOD878 ILZ919 TFU939 QOB956 XTF962
IDRH 30006038 HUU392 UYN802
PZHO 30002924 IOZ012 BOX083 ROO450 SUR520 SXQ652 ZWP667 CAW689 XYN805
DUBF 29992001 GKI549 DEY736
MNZL 29877244 CIT054 IXX369 DSS404 WFI410 MEA681 ALF691 YAS867 IOD870
KBHO 29976892 EAL120 GAJ200 OJQ214 AQR378 SON490 VWR585 QPI714 RTJ800
EKNH 29944129 OQX158 USV304 FEH401 KFF515 WSP540 YDY726 ACV788 ZXK893
QWBI 29995233 IKR200 NTU367 RTQ527 RRJ738 PXM805 BPD894 HKX965
HPOQ 29985422 ZGT015 BEQ046 RLU123 ZWC174 HRW221 RFM249 HRV260 CBX681 TGY814 HXI953 KHV954
RXAM 29975294 FGS034 ICM147 HQW190 DVV380 LSQ490 FTO593 FHE611 CJF631 THA781 JJZ858 VKA876
QJIA 30002873 TLX008 UBP011
CMWS 29964812 CWE073 WHR121 RCA624 AGZ756 OWL812 FYJ943
LAFI 29989381 FOY048 FKT119 EAC471 JAB515 UGC673 YCW773 HEW818 OZK944 HDR982 WNZ995
BQAV 30000822 ERA076 FPW157 ZRX200 TIO266 FBI269 BKN349 LBG353 EFJ354 HOQ362 IPQ394 CZT581
VDNU 29955332 NQY118 RZZ362 SYY371 PQP471 JEW820 BOE824 PRF892 LZJ980
FLLG 29985393 FEM206 QWA243 XLR246 JBG351 CAZ572 FBA581 LOK600 FCA612 YWQ627 QMH660 XLA909
MSEF 30002479 ACO061 APY074 HWC156 KVT465 MDZ675 DAW690 FEV855
WTIW 29986437 GZI014 ECO065 YIO271 QNO418
SLEN 29992451 KYB260 JUV355 UTT413 XXQ657 LKZ891
BWOS 29991621 SUA183 KUZ200 TAJ213 XMM472 KAB516 SOA997
WZVB 29909014 XFM255 PHD660 GDY708 VPC953
TWYC 29969023 TEM220 JMR263 DVX302 OXX375 WCA629 VMF743 GCW755 JMC848 NEU902 VSF929 KVH933
PZJN 29997185 BBH304 UUW327 NMN423 MHG540 DJB788
HAQE 30000571 WQX166 NFN206 KII491 RXT534 TDC579 KQI739
EXGB 29949515 YWF056 YKR216 MOS289 VZV522 YUN682 IWI923 JWH963
XHOF 29989749 DJQ203 AXB219 XBI287 QPN519 OXT531 VSK734
IMEN 29988588 ZUD073 HCN107 CCM141 TRU311 DBF384 RVS511 LAA556 ZKI568 XHE629 CMH646 IJD715 XXI969
HNJR 30000839 KNV139 KTP559 LXK879 LCR955
DFGR 29917386 VXD162 RKS170 DHO219 PNP378 MGV924
CCDP 29969482 JQX153 CSQ481 XJH574 TRL662 RQK668 GBT841 RZM869 DPC935 BUF971 UJW986 HGT997
HJBR 29997956 XNV152 MRO538 GOL556 SGB710 HAQ928
CKTR 29816367 QGO201 ISX214 OHL347 BVT456 GRM610 NZN826
CIPO 29961908 FEQ050 XKU098 BLS185 DQV225 STU372 MWU459 SLZ929 FWH959 JES976
YOZV 30003383 WPM564 XDS959
KUPE 29989769 ERB037 USS421 JEE522 XLC831
JVUE 30004263 XNY035 BMW060 GCN106 IRY144 ZOU224 RLR240 EEH400 OBB551 WAY631 VOJ649
SNJG 29948377 LHQ149 HHO223 III489 FPK625
AGRM 29921566 MTD029 YUA189 WGO207 QZD219 ITQ518 AIF598 GFZ731 SSI809 WMB900 RHV960 XGU974
AAHC 29999268 ZCL203 PDG419 IUS471 JUN667 KKE709 QCX726 GZO780 GOF790 RJB802 IQF854 RVJ862
AIXH 29988338 UQY125 CXC182 QSY183 KIJ452 VJK455 TOL569 BKA856 WIX918 VLY971
NTGC 30005089 RUY246 RWT503 SED570 KWQ613 NQI742
KMBE 29999147 GCP028 IAY617 SIE655
MJWH 29991989 TSD005 FVD084 UHQ158 RTY215 IHN263 AHH489 BBU797 YPG800 BXL830 JGX843
AVQP 29999562 GYH022 NMX033 VYG076 URU312 WJL417 PYT563 DOC904 QDT913
NZSV 29975797 SII499 HPM549 BHC685 FLE735
YRBN 29995638 NGT003 PER021 BZF126 HZE171 WJR183 VWZ273 QVS510 NNL532 PXR610 BPF816 FEU894 YYK923
XDJD 29996460 GPA016 URW234 CCI297 LYA300 HKO316 BVO651 NNH688 NXK881 WFV903 QYI993
HPQZ 29993078 MZH059 RNX068 PAM092 RJM373 SFH445 EMH648 CSL676 DOH709 QUJ830 LVI895
UTSG 29985786 FVZ226 QBB553 ZZU565 JKH591 EJG594 QPK636 EKC781 FKX963
HTZF 29957670 TLW047 CNX053 JAK164 BHP178 RZB298 TVU435 EII485 CKD740
KUSA 29992960 NYH029 DAK158 YDM194 HMR261 MHN267 QGJ396 MOL562 CQF848 TZK949 PLY965
LNAW 29999453 TGM282 APR347 VCD511 YOG769 CHX867 OHV957
KDQP 29854092 QXE118 REN179 GTW282 LOO444 KXV449 EML492 FSO562 UIE657 CDZ665 WOE845 XPE877 MGW885
XBFP 29971883 JYE142 WRT353 IWU455 FFG471 FMK532 IAZ578 ICA615 MJF641 XLZ934
FNTH 29949925 MZD215 HDL216 CMS217 GYA295 SWT504 GBA582 MLE742 UGA751 FJY893 ZRE941 LNA959 DNZ976
LCLR 29985479 SIU031 HLQ269 GRU298 PBE435 RXV456 UTN647 ZDV844
CEKG 29919149 DWB191 KUM707 JDW789
DLTM 30005905 AUY229 VDK269 NKP283 HEI364 CQK653 HDY709 NRJ734 DSG872
DLTN 29996244 AMX020 QJS138 SOU217 PKN363 WOM533 IIC723
SARH 29993921 XXF086 QBY656 QSL690 GFX809 FRF882 YIX920
AXVW 30003803 DXY325 SWW387 TUU404 IXV447 QGE591 BNI637 KOG755 OFY778
IMGM 30006012 KVC128 JMU146 DIO250 EQP460 RBB554 XAZ593 QFB677 EWN724 QXN767 EMC843 FNB914
SCVO 29965169 LHR110 QSA119 DOU202 STY216 BWV409 NWJ889 LUF981
TBQK 29942823 PQA056 XOV183 XRT354 YPH761 RBV774
GBXM 29973192 QCO077 EXD145 YAC491 FIF603 BTJ784 IXL837 YMC863 TUI872 GAP966
JLBQ 29906346 VKS174 FAG316 EDI330 WUV368 XXV462 WCC551 OXP687 EHW908 FKY924
DYNS 29984822 IRC002 IFS006 NSA116 LSZ139 AXC180 ZSX231 MJO290 LZA331 EGD618 CIW937
EOXH 29995481 UAO019 NTD030 GEO129 UUA185 FIO252 ROT255 QSM651 TVN708
FPWI 29984723 LEQ056 YUZ214 JRW223 BGK342 HIL371 IDG412 PDF458 JZW471 JCA616 ZOJ653 KCY681 HSJ759
FWDR 29974385 JJO287 PEY748 UIZ838
CRCU 30001935 QSC041 CRX177 MQW195 WGM285 ZPQ411 BXQ635 ACW749 MZM864 HBS881 GXI952
IZAM 29997065 ENQ328 CRO528 GZK936
MDLY 29996006 BEO124 OVB171 ECI299 TZB300 PQQ432 MDF455 RHH506 UBV777
NEKZ 29942137 EJV009 DUB129 AQV222 FIN291 FWU452 MOM523 KZS628 HMY988
SLJU 30003415 PNX066 OEO137 NAB519 YPI722 FHX870
HPSN 29987526 EAN042 VSA124 CLQ264 DGL305 KGL312 IHH497 PDE498 QQO511 UJD727 PIY872 RCT883
VBNP 29995298 EWE075 BBF382 YZS642
SJFO 29990264 GOY049 SJQ218 BJJ474 KUQ551 SYS605 MLG664 FYQ670 ENH679 TTK763 COA981
YGOP 30003844 TUB145 TBI283 HLN386 IBE428 LWT497 ACZ632 IGC661 VFY785 WWL820 XBR936
HNOR 29980090 NEM214 QSV300 VHJ432 YHI474 DED555 JVP620 VWQ624 FJF634 MDY714 WTH883 UZL911 AET928
ZLVG 30002701 FTA139 NEN175 PAI248 NBD472 SPO482 QRP503 GQN540 LJF640 XDW803 FSH835 HJZ856
KUTX 29946618 CER008 RBG359 MWR576 ARK682
PEEX 29984535 PJQ215 MBC510 PAY624 ZDZ688 FMB883
CISX 29986910 LCM150 FTY203 HNT214 THG547 VRO548 IGD622 AMG683 SNF771 ZHA787 RLZ928 NKX971 NOA992
AEQX 29980875 RUD065 JLP310 MLN391 WBF403 VUS484 DUQ544 ZDW805 ZIY882 OYI991
OHOR 29979793 YPZ059 IEO131 ZAI258 OIL378 RTT410 FXU483 AJF629 ZTN652 PUN673 WZQ718
WVSE 29992762 TGN243 OKP284 RMM466 VSP539 DPL584 ECX714 TLC827 BFV882 CJX929
AXWE 29990954 PQY120 MBJ237 VAH293 VRL664
HLLE 29976523 JEO132 FIQ174 XQW206 QJQ216 RCH351 AMN410 DLK499 WDD543 NLI587 LAX659 GMB884
CCGG 30005113 YQA065 DDZ666 VUF991
HHBD 30002499 LZV512 DQF849
IZBX 29990060 LOW132 KXA268 HEH403 CND833
ZLUO 29989432 GBN075 TKS172 SMQ311 VXS577 CCX712 IFV889 OQE899
XJWE 29978610 XSB087 PCN115 CKO311 TLO359 XJJ496 TIH539 XZT602 YKG645 BHB724 EAU769 MUI865
VYZX 30003384 LDQ025 NDO105 IGO193 GZZ351 CFF507 JAX657 NQJ703 JKD747 ANC870 RGU968
NVLN 29884872 EEL244 NST375 GCE457 WII503 MJD719 NIC728 GPF821 ECU831
DHNZ 29974501 BLN380 RLK513 UEC611 KPE864
LNBQ 29911993 CGQ109 QWY307 MKF672 JBQ961
GXEG 30003937 HVE047 VWD131 WUA187 TKQ250 GXW406 INM488 SIG577 UGE595 YGE599 FSK718 RTI839 GDU864
UEVX 29955307 RFL288 EAG315 CQQ419 ODB613 SBZ619 RIE654 WLF713 ZPH762 MKA867
WRJL 29975597 SYA307 QCC545
YVLN 29944421 WSD008 TKV055 VDP074 QAH288 RAF367 FQR383 DIK406 IJJ481 DKD741 YWN744 GPG782 XQF869
CZVC 29990709 MGS041 DZG089 AVZ221 PCH349 FSM640 HEY740 YQH792
DJSH 30002265 DMW062 WZH069 JVA205 VNS267 FCY676 TEZ713
LAIS 29955716 KDP063 WCO083 AAH272 JVT464 SKK483 HGB699 JQJ700 JHA771 EZJ973 AXH985
IQTN 29994782 CHS062 IGT998
SWBD 30005020 SQZ084 MDO104 EBK190 QUW323 JDF452 FLL462 ZCZ657 FLC813 HET935
CIVM 30002273 EUV350 CNH677
SYFB 29972742 CIU015 RHT038 ZQW208 MJQ212 CXA260 QOQ371 HQR385 KYS597 RID693 JLC817 EHX869 TBS893
TBVH 29990655 IIQ177 LFN204 AJP239 AWY291 KFK320 HXY329 OCH348 MCZ644 VME782 PZM867 TJZ868
WCOC 29972075 AGL302 DUW310 UMN430 HKJ511 IAS851 UBR933
CIVF 29986039 CJV007 JPY083 VIQ190 ZNS271 HYY360 MZY396 FGE580 FUN663 SSK731 QLE746
MBKD 29987296 HUE016 TZI027 XJL418
TOPB 29865859 CJS124 DRX178 CXB221 GOQ361 LPQ397 TYS606 SIX914 OUF984
ROVD 29993390 JYH025 UMI625
VKAR 29972243 SXE120 OHQ152 DJR164 PSV299 SEJ336 NTT406 KJI522 PVO665 LZM863 CPC934
EEHV 30004363 FCO066 XIS114 KKQ241 VYB271 DZA323 GMK533 VSE968
WRLW 29985786 CSW247 KPT279 WKP292 SGI437 OQL626 WXO734 TLE749 HNF760 AOE823
QFGN 29977917 VOX103 NMU150 RUZ207 HML495 TNI655 ECY675 BEY734 EXK872
KDUZ 29965833 TJU063 QSB080 UJS142 IFM240 OYB264 NNP376 GXU484 VKK486 MFB673 FAV731 IWM767 JLA895
JLHC 29954453 SLX007 DZI011 CUR504 PFE559 KXQ644 SUF988
ETDW 29959039 MJV017 CTX239 GPR353 HFG473 STO606 BLG653 UEZ714 GHB729 EFZ730 QYK915
NXRH 30003980 DKP273 JCG382 KCE461 RAA562 GLH619 IUO627 VOH727 JLY959
NCHT 30001366 QUZ206 OFA714 CTI824
LVTP 29977353 KOU209 WKQ253 DYZ317 YYX416 DNM483 VWT507 OOM525 IJC754 ISI799 AWK837 NNA961 GKX964
ECCY 29991268 XSV307 XWW392 BFB662 GYQ671 ITE986
GZKO 29886918 ADO092 KQY115 LZX434 IFF513 IYT556 HRG845 OKX972
BBKS 29926950 ZWU472 PLL473 SBC516 HFE551 ZSI816
QYLB 30004525 SOX100 WDL231 JPS317 CCE453 BXT518 SPN521 QVP627 KWO691 ZGU976
EZQW 30001496 VGT011 EEP088 DCN103 WDH387 VVT476 ZML513 TRO545 KLH623 XRL666 FXO717 ITF947
HWBR 29971004 DFN196 UXV459 TLJ554 ONH689
ZLWZ 30001037 XFS021 THT040 EDL213 BFL272 ACE451
ALAW 29942830 BXZ284 UQQ437 BKK466 JXS565 BKH583 CMG685 QXP689 DYM824 EKA859 FGU956
SAYO 29973064 VGP167 DPO467 DRL646
ZQCT 29953928 IFR045 TUZ209 ZFN218 RIL381 ACD490 QRK698
CGTJ 29992419 MEI369 LHE617 LKC788
CVQX 29974352 AYH016 HIT059 FBD464 VJF650 EDU862
YVQB 29927802 ZCO086 OZW476 URO546 NOG758 RNF770 NJB798 QGU967
XFTG 29924131 FON477 IGF544 FYN787 MIY869 IRF885 LZL902
KBSF 29976342 BRH800 EYM825 USH850 AHX865 DHU985
SLOC 29997656 FMX025 ONO416 CZK932
FBAQ 29997466 LBK197 OVW352 CBU798 PJB800 OTH875
DOAD 29962785 LOX093 FSV289 IPR355 XQD947
KMHS 29995518 VOY064 QHM310 MKI555 IPB979
NGTF 29991755 GZH053 LVD090 AYD172 EQV226 XEI380 IKJ512 GIE643 ODA652 VBQ973
UYBS 29999469 KMW069 ONP377 HOL557 VPK641 BKD739 NLC821
XHYC 29938664 YCP046 SDP071 ZYC236 ARV253 KIO257 FVT460 FYV475 LAC478 MNM492 DEE516 ZPM567 JCY680
OSHZ 29996619 PDM185 YAI257 FMR259 COS279 QTW292 HPO471 PTN642 KJZ859 TNC889
MWWD 29998836 LJT094 GWD116 WKJ526 SDC578 ELE734 KOE833 MOE835 POD877
NZZJ 29999759 IDN139 CTV317 JDI335 ZAE414 MQQ429 PVT470 GAC473 EHG532 PKF675 ELD773
UNMN 30002706 OOX096 JGP155 IJO286 SOO451 VII502 EMJ570 YZT603 KJC756 QEU905 FHV948
MFUU 29973247 UHU002 QEO139 NSY180 HZD210 FSI796
GECF 29993915 DQY108 VLT166 XKM410 SVU434 LWU458 OAC481 NKI556 XKI566 YIC739 DTJ786 SEX790 DCT869
NZXL 29995727 FBN074 WMT198 QBG358 YJJ497 NDD534 YJG614 FHD650 XSK736 ERG842 YXI970
FYNC 29961590 EWB192 GMQ299 DDF446 XZX447 BTK745 XSJ775
EAAN 29977933 PMW074 LDF454 LVT466 HGE582 HDZ670 MXN763 QZJ985
RVDM 29999635 XAO022 PYZ329 CQO497 MPN515 SAB524 GPM548 WFC644 ZRL668 EZO778 PSH845 NVG975
JJDS 29989881 ZVF026 IXB227 TCG392 FKC782 VDU879
JLHY 29956605 TQM592 SJX945
UARZ 29975837 XAI256 OFI402 XBD482 EQO499 DHG531 EKD742 HMC846
ZYSM 29965114 RSW262 TNS265 HAF357 LRP498 FKI548 SGE593 LQL623 TBY659 GUG937 WDS958 KWH964
JPQA 29957341 QRC010 NVF014 XOX105 STB113 OQV236 VXU499 PPK635 VAX669 NYO756 ILX997
JJDX 29946400 NRB046 OPV205 DMS218 UAI253 ZOS302 DYY356 KML498 PDA653 SIC733 QSH846 TFW861 GMA923
VFYY 29928774 TFS017 QHS076 NCN113 HEN169 WNR307 YRS394 FDG409 HWU454 WFF527 GXS562 UHB743 VOC922
WETV 29970614 GVB163 YWA251 VZB302 LYW442 YQN558 KQK661 GRD961
HJKC 29935544 QGA747 UHZ807
DFOP 30004055 UAL136 WSM657 QRJ737 LPG787 XEW834 CKX960 PDR990
ETGT 29903594 OLL471 IDE490 AYN782 PEU904 IIW943
WRNH 29995753 YNW114 NTL718
GILI 29823689 POY058 TKB835
VQOJ 29927832 SPY092 BEK280 XDJ310 ZNO427 AJH551 AGE575 XAW710 XPI721 TTL724 LWM770
XOGY 30001699 ZZG111 EMT180 NXB232 SAH290 QRU308 THK391 QYX408 NEG448 ORK696 LBV768 WXK890 PRE931
CTOW 29960338 BDN132 ZBM133 WKT136 YDN155 VGM284 GSU329 RYZ331 JZV510 UYU529 ZUP605 QRI776
NRKS 29800621 TCK236 MXW412 NWM772 KMY991
TVAK 29971814 CYF096 RUT441 DEC594 TEY752 QDU874 LBS885
FFKV 29977899 VWO702 JSF917
UHBZ 29971285 OSD000 FRA077 ECG377 NYW444 RVP628 TAS862
LLEQ 29979539 JGO194 DBI267 EGL306 VIN307 MJI524 KMF732 VBV778 IOF792 LIY868 EES971
FYQL 29989580 XRC017 DWA230 BWZ253 TSW264 XUW330 RZA337 ACF412 CEB632 HWN727 MOF796 ECT870
JCZT 29971480 YER030 YVD103 ZTA159 UFD603 QNJ613 HUL743
EPBI 29958648 IQS347 BIH521 WNL541
GMWF 29994112 LBN080 EOT242 YYA313 SDI344 NKJ517 KLJ545 NQL625 AXQ634 YBV781 WIZ840 RHY843 JGV921
DYXA 30004594 VKT135 YRY160 INR293 IEJ326 PRT346 VZX444 ZZV526 SNJ615 TZS637 CLD771 HRE923
FFJM 29986130 ZWD135 PFT974
KKEL 29893224 NMV111 WXR617 RKD755
ACUN 29996205 YEN186 QIP224
JTZT 29907077 HQA048 QFR053 MCO073 JHO225 IPT277 HFJ356 ZUV371 EON476 LPI709 QSI807
NRJI 29975569 SPZ053 QGN240 MRU304 JII490 XPN526 MDD533 DHF570 YHE630
XBMD 29968886 ESZ132 NRU305 XYY376 HQM580 ARM604 YYR650 NUN671 VNF774 LQE896 RPC949 WMZ964 INZ981
XWVZ 29974718 SQN552 UHE626 AXO712 VCX731 PHW919 IET936 PJW981 FMY986
OSIN 29958156 YRX199 WVA218 XIO270 PAE404 HXW407 SYU527 FWN725 QKC793 XQG830 AEV850
ZWQN 29991556 EXG028 HHL340 QBD475 CXS558 SHF585 BRM605 IRM612 SSM653 HHB730 DIZ821 XDU881 ZUG956
VZBY 29956729 FJT088 TPY093 YGJ404 IHJ419 BUS464 OBC512 YGD638 CID678 KEA679 LAT815 PAT819
FFKC 29975243 AQA041 IJU052 NGM276 GEV856 ZFW867
QJRR 29996225 YUC111 SPV209 ITV323 ZEI382 VDH386 XRR432 LBD470 BRN566 CIB756 FRI765
EIVS 29999825 ZPA035 AJO278 LKN359 RQL629 AWO681 RJZ866
XDTS 30001019 AEH396 WGE597 KPH747 OSI805
MOJN 29974967 JKT123 GQM579
LARH 30005470 YLX013 ZOZ029 ILU114 VBL168 NGO198 VVZ242 CFJ351 VNJ618 GXL835
IOVX 29986093 HUB133 IZD211 FAI238 OIN300 ZJO303 BLO341 FLM423 LDD532 NUO632 QQK667 VDX762 LFV892
BWZY 29976985 AJT083 EVB161 LLP312 JAD437 KGE585 JDB608
ZJZP 29873240 OJS136 QUX284 GXY328 VDC581 WWP664 VMC860 JLX998
TVCK 29974863 DQA044 SXZ301 YMQ317 QNE808 FZL896
VKGY 29991873 FAW692 CME763
TEBH 29939652 VRW235 QVZ237 HQP463 ZDB624 WQF868
DQIQ 29984774 EUM701 SYP722 MND843 JDU867 BWJ877 RFU937
IKOB 29961629 FKW002 LLL468
GEIF 29997808 QLX005 JGR077 VYD193 AOL550 LWK848 ZEU914
FJVL 30003062 KMX030 HKV043 WRY158
CAKP 29998091 UHS080 XDM193 WTU376 AIC715 DRI763 DYI980 CWG995
VBUR 29962707 RRC011 WOZ026 ZFP140 APO464 VZU561 IJA832
VQSD 29995159 WGS051 LJU055 PPX128 HMN417 VJJ494 SLJ553 NDC573 OTO602 GRL649
ARTW 29976043 CAO001 UJO298 VUO640
FHPY 29962951 IER014 NSB077 OOV174 YFN217 FXX366 JFH436 NSR453 WPO486 NCY684 YFZ749 LYO754
VICH 29909119 SHP195 BTU355 JST371 MHI462 RLJ552 WQM595 EHC688 XKD761 RAU782 ORH813 XPF838 MEU901
ACWD 30002564 YZH071 APN503 MPC944
BQOM 29925396 TRC013 ZSY192 NXC193 EGK345 FYT553 NTO601 JIE646
RVHV 29945476 FEN167 PAH287 EPQ390 DSR443 MAC479 CPM544 YBU820 AHW904
BSSJ 29987640 ZWF057 HCL185 SLQ280 QHI466 ECC533 NSK726 YRJ745 UHX885 OUG945 EFT963
TXFR 29982380 MPW164 PNR300 KPO474 YCE475 PAC482 RIG576 YUO643 XCV811 NOE836
YTPE 29986947 KXF073 GJR167 RUA182 YNT231 SDJ305 VXX382 WTS454 XOO456 IZO782 BFU921 ZMZ967
ZYZD 30004241 YXH009 ZTC081 DEN165 WFE566 WEB652 HAW694 BJD708 FAT809 YKY943 GBQ958
OURM 29940144 MOH718 DGY798
SDDV 30000382 OFQ090 VVD100 KAJ204 SSX224 NNR298 SSS419 ZYT573 FPJ664 CPH739 CSH832 JQF855 XVG985
ZHXV 29897034 KER016 ECK221 BMR255 NKN361 QDH381 CRQ450 TYW451 JKK474 CWQ605 AFX803 YMZ966 GPB977
WCWK 30003023 LGS040 CMW061 MFQ088 OGQ121 AFN193 TBK205 GNR291 EDE486 BRP488 XNM503 AZS618
HBAR 29971400 ARW214 NIM338
XSSZ 29999144 WHP199 FMN415 BTR472 IKK473 BWR565 COI669 KTM676 YID700 GUM703 BXO713 QCU843 ZOB965
EGUE 29971273 GFN199 XWZ275 ITP557 TZT598 YBA600
GTHP 29983168 IHQ146 ACL178 WQV244 DRS373 CAE391 ZHH514 ROI684 FYP709 AVK806
FWQW 29984532 XWF055 RHQ155 VQX165 XYC234 CGM265 XTV338 IQO503 OVM742 MEX784 CKY921 VRE937 EWH958
BOLH 29997872 XFW865 TIX915
QYUK 29990637 WZY406 NCF425 KQP466 PGD629 OYO757 DQH771 OVL781 SHV961
GEKE 29955157 XZH070 TQW202 JHL342 VNL540 UPM562 KXR605 OAT818
IMSQ 29975243 NIJ455 LCE462 IOB948
XFYX 29962248 JJM365 KVK816
HHLS 30005257 LPS319 VTF960
NPJT 29957076 PVD094 TNW109 TXD160 YMS239 FOR321 IBG350 TYU528 XMK550 ZSN621 PWM774 BZL892
DDRC 30001594 DFR040 SSB082 DIP211 KVP621 ZMG708 LFY775 ZGV937 KNA958
FHSA 29979672 IFQ084 JLR232 KQV233 PIO262 SLP319 YNE816 YYM845
XBRB 29976582 PVF016 WKW019 HGQ114 SIR148 JNP372 QHJ427 NOJ641 YFX827 IFW850
RCEF 29957541 VGR089 SDO110 FKS158 JAF359 NJL408 TMK546 DBA579 DDV822 PJY903 OYJ952
TVDT 29981757 GKP276 PMK542 WKZ902 ZPD918
BKEF 29983881 GAI239 OXU492 ACC529 RGD631 UFC642 BIB755 SKZ898
YXZY 29983521 QKS169 VDD542 AMB878
HSBP 30004942 WUE031 FUU390 JTO597 XLI598 ODT911
UHFR 29987038 OBO044 EIS095 BGQ108 ZUX293 FEE518 SAX666
IILD 29978209 DUA168 MCE463 CJH553 YGF560
UJJP 29913423 MFM244 UPT289 PVU431 YNL543 EXR599 HNH682 WBW740 XFX826
NGYZ 30000699 WOT260 YAE413 TAA564 AZR657 OUN672 XQJ713 TSJ771 RND848
QBFP 29953986 VWE092 XZG109 DOR319 YNO426 IOO441 IHI458 EFE548 MAZ582 SCB586 GUL742 ZJW991
SLWD 29965535 XHR122 ERY140 BVA197 QMS231 LWZ263 SHM312 VTP570 MMG695 EHA766 YXM814 PQF861 WDT919
SFJZ 29986490 OLW042 CIN288 VOS298 LCI306 XOQ378 KWW379 CBE422 ISQ487
GXRG 29940270 OLJ549 JRN574
KMPV 29979320 QEK295 FRG843
ERLJ 29991829 NPW165 WYD194 DJO281 UIL384 RHC701 GBW724 XKC800 BVK807 BZK931 JTE987
XUZB 29992234 ORB047 TVY279 NSU336 CPR349 FXV444 GHI456 GRK688 IRH807 LAS854 OKY933
MZDL 29999267 JYY362 CPN505 RQI746
GXRT 29987243 MJT095 AYE133 EZD207 GZB287 YNR309 YHL357 TQS358 NII494 SFD601 TBW737 KHA772 FVL773
OOHZ 29960841 UTY218 TXA277 ULQ282 HFB668 DAU768 ERH803 CQG809 QMB894 LTF950
ENDT 29994261 BJO279 PJO293 ELJ539 NNJ610 RXQ651 ZSM660 GUN664 FDZ668
RRFB 29993479 CEN164 WUU407 XYW454 UII501 BJG591 DJF632 EBX683
UNUX 29949633 TOQ374 UNK578 CPI700
NEYA 29983655 VBP012 MWN732
MKEL 29988183 UAK175 GSX212 QSW261 ENN445 INK566 AGD614 HZS625 LPK631 IGB700 FLA891 PHV958 EHU986
XSUB 29983889 VSC046 UXD161 UIQ189 AHN255 DOQ358 LXW411 IMC847 HFU927 ZZJ994
MSUT 29981475 VCM160 BCI296 VNQ345 DFI391 NCE464 GKK471 VON493 LYU520 THE625 WLE752
FYVC 29988851 YYI001 VZY405 AXS556 ZWR589 PGY810 WVG984
ZHYS 29771227 PKT129 VBJ246 YGL326 PKH597 BYR627 AHD645 XBY663 QOG761 EAR886 RGV929 FJX932 RVG979
WYCM 29978030 LAM088 EWD114 MXC192 IDK256 FPR352 OQQ431 JNN450 IFX811
BKGX 29999105 LFR048 OZG100 DBM111 SGH476 EZU544 SVR551 DAZ573 XMH667 VSI812 IDV827 CQE887
DBPJ 29975856 GZA326 HYT555 EWR568
HHNT 29982549 NHQ151 EUT428 IBW726 TCX729 DFX806 PET943
CTVZ 29992379 ALU106 MGL314 VBE441 TNJ616 OTJ797 HTF946 YTF963
ZBMJ 29977269 VKW018 UKT134 FUA170 PNU183 YZA344 SFJ367 ORO540 FQJ695 WQJ712 GIX902
GCGZ 29986655 AGN224 JNL528 XVO673 UKE719 COF786 UNA968
LNNX 29996381 LHS071 IWC157 WTY220 HDI333 MCD502 UHD665 QUM713 JWL807 BRE917
DFXF 29931575 NDQ027 DSC028 LKT125 LMT187 YMP356 WYY375 EHI454 RMJ583 DXQ637 EVO654
FHUD 30003734 KKV046 RZX440 FGH463 BPJ660 KSD996
UHHH 29985667 AOZ004 PFH442
MIAV 29943318 CZI010 IHT029 TDJ306 BZZ346 NCH347 GBE426 ILH621 IOJ636 AVN689 DPG779 TMC858
FUNS 29992890 NNX064 YRA096 WWC171 VTY219 HEK286 OZB295 OAF364 ZSP543 QMJ582 FKA860 VAQ942 VOB961
ETOV 29942056 MXE114 CEG437
ICBC 29977081 VVF022 SZH065 PIR145 EAK159 GUA171 UBE440 FJH556 MNK570 HOG752 QBV773 MTH873 OWI929
QUNB 30001170 LTC067 WVD101 JFM241 BBI265 QJJ489
YLDH 30005478 FWA232 PTV330 QIL380 GBC504 NJE681 SUM715 TGX853 VOD883 TLA905
WAUB 29989504 BNR286 PYA304 HCG380 NGJ393 FFF510 JEC600 BBX680 PXK883 MBS886 BBR914 EOB944
NARC 29991840 TBO049 QXF079 ZJQ225 GJP245 OFJ363 VNM501 BEE514 VFT980 DGT993
TRAI 29974707 NRC007 LHJ422 JOH715 ARC994
UHKF 29949070 EWF036 MNV141 JIH529 PSN611 ZQL637 JXM799 UFW862 YJX951 XMZ965
MIDV 29989523 QZI024 ZPZ060 JGQ116 UWW389 VGJ401 NQP469 FFC627 XFB684 XSG892 LVH934
DQOO 29930851 KSS411 GGG503 PDV834
UYLQ 30000688 JCP031 XAB529
VMRB 29970931 VRC015 HYD179 ZFK335 PHK387 NZY397 ZQR403 PXQ649 LYP715 AAQ921
NJCR 29913546 BPZ036 FAN043 LVE051 GRA078 PMV113 INQ332 BVV378 WPP447 CHG530 SSP536 ISK721 IRD963
BMLN 29995556 LRC005 SKJ522 KLG662 WUL758 LYN793 ZUJ839 XKA878 DZJ972
GZXX 29969630 EDN135 ZKO334 UQL632 OVN703 KXK878 STF957
HWOT 29991881 WSB086 LAL127 FLO345 NTS445 ZIJ467 QZO790 EEW815 YPF839 OTG914 GMZ948 WIW957
RCJI 29980952 YOT262 ZUS488 ENK562
ZUVX 30005441 SHU000 GCO067 MGP158 UGM283 YRT355 RLL474 XFE567 TKG640 LWN731 FCW754 VCU848 QLB863
VKNI 29976899 ZRB058 EWS529 TND850
VIJK 29998855 PDQ029 JBM117 GBK192 VBI285 QFJ365 KFI398 HAZ577 KAX658 MHB735 XSI814 QFX819 YDV843
VVCY 30003242 DBL150 TEE532
BBXS 29874313 DYE136 YIM349 GCC535 YGA755 VLB868
NVZR 29994073 PNV144 BIQ170 ZAK180 LGK352 BYW432 ECZ636 DQG810 MRE928
TZPJ 29955685 NPY087 DRZ100 CEM203 ZGO210 YYC235 ZCK242 SCG391 MQN546 HVP618 MBW730 CTJ785 TBU815
HYRK 29990599 AHQ138 ZQV247 YGM287 BXN752 FHY831
AFBR 29993596 CJT085 DYD175 NXQ647 CVN691 XFY787 MUH904 RZJ986
PAKC 29988446 USC045 RIS108 OYZ328 LJM367 LBE431 ZKH607 HLH620 LEV861 PLA901 ZHW929
SQAW 29972494 GMU143 SAF368 RTU371 WRN587 UXQ654 YAV750 YRG862 MIW947
TGKM 29968130 ZNP388 VRS391 CTG902
BGAH 29958436 XTZ182 DNQ327 TUN677 VUK796 ALA886
GVOR 29985608 MRB045 GEQ051 TMU156 IVX307 HQQ424 BBC499 FAA550
DMFV 29915786 QZA336 NUT437 LFA711 WIV996
KMRI 29968032 SRB051 YJU068 GKU081 YWE095 LRX186 MQV234 LIO258 HGK348 OUS477 RAC484 ZOC926
XZDU 29994266 PZE179 PPU245 XWY314 ZPB996
OQND 30000992 KRB043 EDO096 AJS122 TFO173 JSY176 HOS284 FUW312 WLJ557 HYR633 STE996
ZKAD 29990467 XJU067 HMT183 GXB225 BYX393 HNN448 LEW822
QSNR 29965744 CSB066 QMV114 QNS262 YAF374 OYU523 ZSO582 ZTO613 PRK697 YBS898 FXI951
NTYZ 29928964 PQB017 QBN085 CSV286 KJN327 MUU397 XMN433 QTP565 FQM578 FEX777 AXL829 KYK909
AWEH 30004284 TGT009 TXE121 IJQ208 FCJ261 TXY341 XPR370 YYU533 VWL819
VKOZ 29961508 EER010 TRA091 FLS189 CZD205 WIB776
KXJL 30003621 TOZ023 EUW311 OFF519 JOI676 BIW936
XKIZ 30003366 HBE427 OFH441 WJD729 UUL756 PUK790 IJB793 KIY867 XOD885 VXK889 WWI937
XGAY 29993341 OOY057 RGL319 PWP657
HYUW 30004117 KHT031 TYG074 ZNV154 NHP190 IZC250 RBE437 WBE442 YHF591 PIF613 DGC656 UMA937
YHAM 29992156 SSC043 VUT445 IWT494
FQKV 30003112 CFS000 AVF001 FKV041 IPZ043 XUB149 FMM454 AHG528 XFD606 YQL636 TEB649 VBT856 YRE940
XGBQ 29965350 LCG384 FZY389 BVQ573 OHC698 MCW761 OOF798 FFV886 IRE924
ICGE 29979693 DJL398 AII481 NVM741
OKEA 29998584 LXE113 CDN133 KSZ138 OFO168 LTZ170 YPW176 DJN320 VUV367 YEG459 UQP476 EPG780 IEU897
FDRS 29994685 DGM266 PEK294 FWX335 MUP592 KTI832
MGAM 29921590 LKU086 YBL171 CJD709 XWJ899
RZXU 29953935 XSC048 TGR087 DNP366 LJL406 UJL415 FRQ453 CWL800 BXJ908
NJDH 29959714 ATV315 YJN341 NVV390 EWV412 YWU471 UCD510 ZOH731 AOG745 FLB852 UZM872 BMA918
ELCB 29999637 GCJ262 MTR483 RUN675 MBT847
NLHM 29987678 SQV240 WVS516 IXN759 VVJ866
GTMM 29965069 GKV042 OGS043 LVC129 VOV181 DQW186 BVZ222 GHJ417 GZX429 OZV515 RLH630 VTM687 YCX734
OMGQ 29934986 CWF034 GOW127 PZC257 CQR380 XLN402 JSR449 KAZ580 JDZ672 DVM731 EZN817 YYL884
XSYB 29920809 OAO013 PUP595 PIC730 CUG933
RPDO 29889943 GSC031 LHM305 TCA626 QVL783
BOSV 29947818 YCQ007 DLT148 MHQ150 AOS277 WVX321 ETT397 YUU409 DII484 PNJ612 VXL850 FPC937
GNAK 30002770 JBP000 YMY005 NJU057 HVD086 LNP374 TDD540 JCZ641 WPI720 KMC849
XOQS 30004546 POF799 ILC816 DJZ852 BLY951
SJVT 29934300 XST385 YZY408 YOP418 NAC480 SVM746 LQH779
LLOC 29989474 IWF040 ZNW115 RYD189 CGJ382 WTL727 XTJ806
OQPK 30002886 PVB172 XMR277 RJO295 VNR306 JPR356 ZBA601 GIC721 GZN819 FQD929 TDR994
YRTK 29939361 RVV394 DEU892 SCR962
IIRM 30000657 FJV010 SDL227
MZGX 29992531 VLO361 CHK374 EPB975
SULE 29955029 DPY077 KBM118 GQH774 NKB829 XLB870 CWI917 VNB930
QDPX 29896437 GRX181 CDF445 OYR640 LEZ705 WFX825 MTF951
OSVW 29924822 QXK884 JLZ920 JYI986
WYJS 29998225 XLV090 ZWB213 AZB281 CTS434 TLM437 EPO468 SLL475 DXU481 VRK703 GPD899 XKZ903 GFU926
DQSI 29952891 VTZ180 QAY625
JYQL 29977959 XZC265 YSU347 NPR360 FCD495 BOK590 UEB650 DOI670 PWJ891
GCNZ 29971226 PSD001 CHP179 UZD223 AHK372 XAF373 REI374 GZY390 RZS635 LIE648 KFA710 AMC839
TGPI 29956597 KIT062 JIR139 UQW203 NEL253 IQQ425 MXV451 GII487 PZV516 OZS632 DEZ697 DCW752
SQFU 30003638 NUW320 OXQ648 UMH664 VPI719 IEY741 SAP978
SQFP 29924876 OXF077 IJS130 UJR181 KNJ607 YVM752
QOHS 30004455 OQB016 WAM099 FZE169 IJR170 JSW254 TRS389 LDG415 ASR440 ICE459 UWR584 SDA656 HVH930
ZMJR 29994270 NNU181 RJI529 QIH536 EQH772 LLB858 YQF870 LDR986
VEFQ 29969572 UHT041 DCO064 TXC199 NRW227 MPU242 FPL586 BGD615 NDY715 TFA719 HAV733 FKD743 QRE932
FMEQ 30001816 VBM129 UGL322
WPYQ 30003504 XWO704 PCX725
XMPK 29976930 KUD058 KVU426 TEW830
PVZS 29913923 JJV014 OUE023 OAN052 MGQ119 XMO394 SJH569 AKD738 AOD862 MSG881 PLZ926 FFT964
OKGI 29994395 YVZ245 UTP569 XUN681 BGW874 DRD958
SFPA 30004869 AZI008 MVB169 EHK376 NWV421
PEWH 29995527 JZI017 LMV109 DCK220 QHH505 XVQ595 LMI616 BFA701 UPI718 KRH809 ZJB810 XHX888 SDT915
BXGK 30003695 OPT283 UJN337 ZJN342 PAW702 TUL755 FTH866
USCF 29978342 MVE052 YLU130 MAK167 URX195 GQL618 GDA644 QWM775 PHA777 PIZ833 YCS929 LOA990
PPLO 29989166 EPA014 SSA121 SHO234 DTX240 VIM346 SKM405 UPN523 EFA704 CCV790
JJRW 29964160 EGR072 IXM798 YTJ807
XZHT 29998218 IHO224 KXW410 YGH482 NSQ492 VZT600
XQWA 29997336 EPV195 RPU247 DHL336 MBF393 VZO795 KLA896 KKX968
DMJM 30002599 JBN078 DYF097 AQY105 OTZ173 JZP744 SMC857 SRF895
SBHC 30003645 AAM077 MNU180 EKJ508 LKH593 MFC634 BKE700 TZP754 DME764 XVL790
TZTY 29993911 WXD163 HSY174 HEJ325 TQI748 HVL774 RIZ835 BEU890
WNTU 30002859 CFR039 KEC601
HBID 29995983 CCO063 ANV129 YQW207 KUY239 ARU292 BOP395 ZJI537 YNG738 URE936
ICHB 29981902 ZUY254 ABQ952
ZUYP 30001122 FQB007 OVF015 DGS032 YFQ100 JZF134 JCK226 COH708 VRG859 YUH916
KGJM 29994546 UJT103 RPX130 ZDN156 HGO192 RNS263 DQR381 HHE613
WLPP 29935419 TLU125 GCM145 TNR304 RML505 LSP529 IJH559 KED562 ETN631 DUK778
VZQU 29957547 AVD079 QHK388
MKNP 30003388 RGR085 STZ177 IQV230 NTV328 IAA553 HGY802
UWNN 30000898 BCN101 KMV108 BSZ129 DKR195 DAX651 JDY711
NJIO 29999916 HCO068 PQV237 AUX268 VKN369 AGI419 AFG466 TKF679 OZO788 GBS880 QZL907
RTQP 29996606 BAN039 KGR078 QUU401 FHJ416 ZVU441 OUO633 AME761 TVL786 GQG813 TCR963 SYI995
EASB 29935032 CBL149 EWT490 MZK942
KVJM 29947126 AFR037 IAC475 EPN507 UUO639 ZYK924
CAXL 29919774 CNU170 TLS203 MSX218 MTS444 PNH690 LKE710 HGV919
FSSU 29947700 AZY384 JXV448 XKH605 FJD712
FKCM 29989714 KBP001 YJR185 DYC214 PNT222 GOO439 HCD497 KYT558 DEA672 TBX698 AFA700 DWI918 WYI999
ENLT 29956222 DOZ007 WBP013 WEQ067 RSV301 MCC541 BKI544 EQJ694 HFZ732 KCT876 UNB929
DMMV 29999390 ZOM536 UOF804
CFAI 29989993 SNT225 LPR358 FDH370 QDG420 RPN520 CQL614 YSN620 LXI957 XIW958
DBWA 29993636 TJR180 AKR192 YVS518 ALI574 QIE653 FQH773 YYN806 SGY813 SFV899 DGV915
RNFI 29983828 VBN090 WIQ191 WHO238 WFL293 SHL351 QDF459 KUR512 CCA609 DKF663 BQF847 QMA933 VKY940
XEBH 29929410 PXH000 NOX095 HUA172 MHO228 ROP411 LGC664 JIC724 ZPF840 LND842 WTG922
IRHW 29993017 TRR428 JME770
ZKHG 29941697 PPZ050 IPU238 DDK251 UIN306 LYY364 OEI371 STL723 HLC815
GNFZ 29994674 VAM098 HWQ610
BMRK 30001410 IUD056 WZS640 WCY693
OIED 29993046 XWH977 MDR987
MGGG 29972446 SWB206 UIO267 IRS378 JAE398 EOL554 YMJ590 BDB600 QQI745 ZRH824
DXCN 30003072 ODM184 MZB293 HQS346 JJJ482 ZON497 BHE607 DWP645
PJBM 29955930 BGS030 SWD128 COT240 VOQ376 TAC486 TRP506 EEE517 JLH622 PKE714 IFU928 NZJ982
HYXH 29975869 AKQ231 KGM273 NDT910
IVOI 29992171 RRZ114 VSU344 SUV364 KEI367 ARQ448 ZMM474 GHC690 EPH741 LTK755 AQC963
IRGM 29915746 KDU868 YFT983
MKMX 29960762 JEJ327 FVS499 PQN549 CHD647 CBS876 KDR985
KTEO 29943313 BJU045 LPZ046 VMU158 WAI255 LAH283 MWY303 HOR323 MXX373 KGX844 GUH898 UAP980
MZKU 29964786 MYG067 FVB162 JWA236 IVS502 FRL648 VJA845 WGW895 ZAR907
FDUJ 29988442 TPK639 FLD774
WYLF 29972935 GGQ113 FHN260 BZB282 QUN674 SWM777 FTG905
MEAY 29936255 ILW036 VOT259 XRS393 AXW400 WDG426 ZFH452 NOL563 GCB574 TDX760 CNE794 LHU993 TOA998
EEZP 29955157 SFR055 WMU159 EFN197 NJK447 VFG487 BYL861 CMB880 GLY956
GETQ 29934660 TQX163 WHM316 GYV476 ANI636 RFV898
SYXN 29961268 FTB100 DQX147 HQX151 DHP180 MIM337 CZW464 IIH528 JRO535 ASN596 GSL680 DGA734 RMF739
CYGS 29975605 ZTZ184 FKB821
ZICH 29985666 IGR076 NMT189 ERQ452 YRF901
VGNJ 29999120 GBO036 JSA112 OHP191 VRV274 MDI338 WPL603 UEA689 MOA991
NPWV 29984411 KDQ024 QKQ247 QYB266 MYX404 JYV479 DXM793
KIRY 29985000 WNY034 CGR070 NEP097 UOW141 TRV272 DXZ286 KZA330 YUP604 RQG824 PGV927 LES978
HOGF 30001448 PGN239 PSW260 ILN387 HBX686 YEZ718 CDV821 MQF858 BAR883
SMBV 29986324 OEN176 BMS216 PIP223 VPU251 HLM425 GYW437 CEE515 SAZ588 RFD600 VZN834 BSF909
IPFH 29988914 TIU032 DWZ255 TOO452 CPO466 USP538 CFD585 MIE649 IYP712 HPF822 WPD915 ZMA942
TEPH 29939298 KFS008 SKT132 CBJ227 MOR328 EHJ415 LRR420 ZNL544 KUN668 FID681 KKB826
JOAH 29967701 TMY000 SIQ187 QAJ210 YZZ369 JLN388 UEH416 BQQ418 HTS439 RVR550 FIB759 PMB893 FLY955
RCRJ 30005094 RWG010 CFP117 DNS249 WLQ284 BSS402 IVU424 RXP690 MAV738 ZFY789 CUJ816 WVJ867 JQD933
MXJJ 29910666 KBO040 EDP057 KLU116 COW123 ETZ163 WSX228 YLQ286 OKN362 IQL620 VBZ622 WWM781 ZVK831
HWWZ 29891584 VPX134 VHQ159 GHP183 AUQ541 RMI622 DGZ759 MWM771 CIY859 NJY901
OMOF 29996158 ZER031 YEP108 WKS175 LCB579 KCS915 ZTG925
DXEB 29959294 LZG097 LLR234 WUY251 SQU279 GNI642 ZXN776 MRH811 FAR887 TUG950 WFT981
QBSX 30000466 QKU091 LMU148 TPV210 YEE537 GTN633 CEA671 JVM737
SQKB 30003490 WFS020 KQA051 QNT223 UZC262 ZZM877
IIYM 29992417 LKW008 LIU024 FKU080 EKO313 OGK355 LGH469 FNJ602 BEZ695 AHZ787 WUK797 RJA841
JDLF 29947952 UKV056 EMS219 YYT572
ZIFJ 29995744 JVB166 TPQ405 GGH464 UMG703
FBTT 29999340 GTV321 AAV726
SUSI 29953360 DEP087 RYE150 WQQ439 OPO478 ELH617 SNH693
GVWH 30002494 TBN088 RMU154 JXC189 OTU368 TYJ957
LHLR 29993454 UNW110 RPW169 KYX402 DHJ414 EYU513 KVL777 END835 BHX866 UXJ927 HHV950
KAAL 29982378 UBD479 HNM487 SNA966
JDJQ 29907314 IKW005 SOZ022 MUC099 DPS311 FTV320 IRT339 BGJ381 ATT393 BOM512 PXP688 TYN801 HKA862
RTRU 29985562 KJU054 SMU155 ESX210 GWS531 KSN606 MGD626 IJF637 DIC718 FLZ916
HQJF 29988089 VEQ066 DMJ569 FFD588 NKG634 TCT885
VRBT 29960918 IAF358 NGH471 GPL587 HRM611 VMD821 WMC861 QFV897
UBEX 29932666 PJT098 GEM207 LWS536 SQE903
KEIZ 29994892 JIQ178 LHP188 ZVA221 WJQ222 YIN310 AIL364 ROQ372 DZK933 GUF976 IXH993
RVWA 29996670 XGH481 RJF646 VTN648 DIB757 QBU812 NUJ827
EYBV 29977652 GVF007 FGL307 LDI337
HSNL 29958158 ZFR062 OEP098 IVB165 ASY167 EIP212 RUW324 MRT343 UPR367 IIL372 NIH533 HTN634 DGU954
JWPL 29992977 IQB010 CKU077 DFP118 SMT194 BWA228 BVY261 FMP337 EZV505 YYS611 IMG691 UXP693 YPE878
BOYY 29997708 AUC087 SEM219 XHO239 WAF372 STP567 JZS627 KME771 JRH808 WYJ960 DJW969
PRUC 29998136 RZI025 EJU048 BRA073 PRN580 VPL602 VAV747 UGY815 TWL817
GCRN 29985167 JIN295 DTM669 NYQ678
SMBD 29981562 YCJ280 VEX793
YAYC 29933396 FOZ009 TQA060 AZC242 ALL457 XVT478 HZV508 NRL656 IUK783 CGU953
HBMM 29951686 OMV112 ZDF468 JON481 SWP660 MTI834
AFJH 29984293 FBM113 EPX117 HUT431 JWU456 MZU552 AZN813 GAQ927 RAP977
ZXBY 29899433 LIS102 GWZ258 FRS375 HYX399 KLL467 MIG571 RUP597 VDA659 QCY687
TIZI 29993963 ZQA066 BTX238 YAH296 LRU303 PMM464 NZU553 SYO761 EPD897 MCS917 LQC974
DZJZ 29978598 YNU192 DUY232 NAG324 XGL325 GCH340 WXV461 BML489 AKJ504 QWR580 QEZ710 QSF924
KXRN 29962051 KOX092 RFH444 VOM532 BBQ953 ANZ973
IGWH 29978063 YNV153 ZHN280 ZQI754 IGX842 LCT877 LYK910 VGV933 RPB988 UDR995
QKFV 29965604 ULV087 GHQ144 RAJ211 XRF900
LLXK 29975344 WWG015 OWC163 PAK170 GYX398 MXI958 LGU962
RCTZ 29985603 EFQ080 DSP521 ZHV968
ZKLS 29964150 RVD096 BIR131 RIN303 KDH375 JJL404 KJL405 TVQ591 XTO611 RSM652 RAV743 ZCU852
OXFS 29977783 NGK354 WZZ367 MOP406 DBD462 ZFF530 LJB796 HVJ852
VKYB 29999922 MWA239 PQS354 VFV902
BGJM 29990893 VPA031 QWF048 HGR075 PUB141 WON494 PLK511 CYT550 OFD597 IDZ671 HHC691 IFZ733 CGX836
CLQO 29933161 ULR243 DYB253
YHIJ 29991285 BJR162 XGI442
GCUS 29966791 PLW043 LCO072 TDP073 WJT105 RBI281 ZRU317 DWW372 OEE527 XGF559 XGE598 ZHY851
UDMX 29966624 GAO005 AIT052 QWB204 FJM361 SOP412 DKH585 FAX653 BGZ757 ITJ791 CIX898
JSJC 29995276 IFE552 GLI580 XXR618 UTI842 MGX846 OBQ966
FMJD 30005170 IIT060 ZHS085 KTY208 RWA244 MDK260 UGK361 GTR477 PLJ550 EOK593 VYO764 AKY919 GBR920
PTZZ 29998037 GKW003 MEP096 QLQ278 SBE438 IJY896
IVSK 30002032 TKT133 WPW174 ITY206 MGM275 UMQ313 XOK612 VMI626
HQLK 29958940 BTB096 NZD216 SFM250 KKM397 RKG638 DZP738 DXN754 WRF899
CUDH 29996778 RPY091 BWB189 YWT510 UDC580 NMH657 VHB744 OEY747 PJC761 HIY864 IYK907
DOTV 29945091 EMV102 ZLS209 IZA328 MCF424 HUM704 ZEZ719 FOE828 FIV979
GPMV 29900733 OXE116 IAL124 UXA278 LNN452 DNK561 WED574 JOJ637 ETH865 DQC966 TTE997
XIMY 29959912 RQS356 DYS590 ICX718
LSDS 29987310 SXH003 APT269 ZNM505 FTN632 NEW824 VMZ963
YJLZ 29987407 ALV067 QJE684 VQJ711 MQH780 YWM783 RET945 CLY952 PQC978
KKXM 29882461 EHO220 RXZ300 MHM306 FJJ478 QDW796 HBQ959
QQRL 29998854 OUA179 GMT182 RNN458 JBB546 KJE678 QTM682 FWO686 KMD810 XRH822 ZNB934 MJX939
KKXU 29997321 WSC047 NYF107 ZOV185 SQW201 OWX344 GIL370 DKL429 KJD717 UES987
NFGU 30003134 XGO208 ELP305 FFH432 BGH459 OMM463 MUN670 MKB828 FPE859 BGV913 WUF992
ASGR 29997543 TGS048 JZE173 QOV176 CTY200 DEI360 BGG498 ISE955
LWOJ 29953352 VJT104 QMP348 BUQ542 YJC770 QAR898 MPD905 EWG997
EWCV 29944730 QLV083 QCI311 AEJ318 HLB854
CYMN 29934220 HRU299 VGL323 ZQT325 ARR409 EYK903 UOB960 GVG968
DOWV 29968651 UWF052 KTA144 EJM360 MBD471 UHH509 AJG590 UZT599 XGC676 EMF726 WSG891 XNB932 JJX936
XIPC 29993319 WMY003 GZG092 QVD095 PYD187 XPT292 WEK301 KLP311 HWV415 KJK444 UTK764 NTH874
XTFF 29975759 DKV039 WBL169 WFO176 FFL276 VVW359 LWW380 EUS467 GDE488 HBC505 MVR545 XQN557 FYK904
CUDU 30004363 TDE501 CUN660 DUL739 PCU842 OZM866
FORE 29989165 WTB117 JGM272 XOR339 VVU437 UML508 UED572 EBZ605 KTK754 YIY881
AQBU 30005729 QGS045 VHS081 VDN152 DLR226 CWA229 EQR382 EIJ446 GCD496 BEC592 LOH717 IBT843 GOD868
GYBL 29993720 UPX133 RXC197 VVV398 UKL446 JPM551 SAT822 UXL849 TYL879
XKSO 29994559 BTD018 BPV192 TPU249 NBI277 RVY278 QZB297 IGZ764 QLD785 FGX839 EZK934 TPC951
HFYD 29969051 EYF098 CNV131 GMN416 PWT501 DVO653 TTJ802 TYM840 STH879 SJY906 HWI922 JOB949 IBQ960
SOIY 29943002 QEQ061 BAU766 MNB921 CQD926
KRGH 30001979 RYH033 QXG040 YLV091 LJR172 UST382 YHK396 QFH443 OJI526 CVO652 MJY900 UJX947 LVG973
XEGA 29989297 WSL696 YFW866
EJIY 30000593 MEL252 XHM317 AEI357 QZX439 OWM773 SQF864 AUH892 OZJ983
RCVC 29936795 NBO043 JAN047 KPY084 VKU096 CRK684 LZP746 ZIW960
PLMM 30004217 YRU316 WOH728 BNB910
HFYV 30004605 BHL334 HZW469 OWR578 SSJ770
DKOF 29968693 ASC025 ANW090 LBM119 PTA149 ITZ167 RUV363 JBE429 OJH565 PMG698 JWN729 ZNG739 VBS895
TNEC 29999731 VCQ004 ZAL141 QBK202 JKM396 ZOI692 IDX749
NUGG 29998856 LSB075 PSB079 NRV266 HZB288 SWX348 HSN603 LCV799
XGNI 29977474 ZWS550 BIF599 OJF643 OWP656 WAW709 LJD718 NWK850 USF928
AYUS 29992669 YHT045 KOY053 VPZ056 DLV070 SYB268 TUX287 WVV399 QYQ681 JBX688 TDY721 TDT916 BWI917
MISC 29966657 GAL122 PKR207 MHK384 XTR494 PAA560 AUK775 XGX857 RPD910 CFU922 TWI934 GMY987
WULU 29985089 FQY110 ILS192 CEL242 BTW277 UKM407 KIE647 OYM835 YYJ962 QPB987
ZKPD 29989441 FAM082 RHI467 WHX887
FZIJ 29989381 BKU076 RXF080 GDH371 SQR396 JBY649 CFW844 HEU896 WBR935
ZTBD 29995003 RNY029 RGI436 ODD535 JNJ606 SJC764 CVL769 KHU992
DOZG 29998045 PWC164 SFN211 YQT324 XDF466 UCX730 OBR927
JWXE 30001898 SCN118 ZYF119 IOW129 VYC232 BWQ604 ATK744
ELQG 29952657 NPA023 YQX168 IEM209 ZFZ750 NTJ796
MRDZ 29990147 XRV276 WHK394 FWT491 KEB640 GXP679 SPG794
DGJE 29944696 HRY143 QYD188 PDH380 LTQ521 VDY723 GXM796 XJB808 LGV923
XKUJ 29930385 OOW135 PWA242 EQU265 LGI430 UMM469 NSO570 JVQ581 GDB605 GHE612 ULH633 CSJ754 TTF958
JHYE 29978324 XHJ434 GFV887 YET952
MTGM 29968121 QRB049 SJT101 GSZ134 TGK360 VST383
EPWV 29964004 CUD050 ILQ270 JVS503 WIH542
AJYE 29941689 RQB019 UPA030 AEE513 WEE535 ZHC709 ABS874
XTFL 29903027 JOX091 ATZ159 VNU189 IDJ295 YKM411 TQO514 LHC695 JYO752 DAS846 BUI854 YQC987
MTGO 29940850 XLW051 HMQ300 IYW439 ABD459 LOI678 XLF714 RLC825 KBS884
QQVA 29996744 ABK186 VSV305 QRF893
IEVI 29993537 QFL287 TBC517 XQK674
JBMA 29993592 CPQ388 HBR920 NQD937
VPEE 29995849 YGS053 WRW236 CKN350 ZZW487 NWP655
KXUX 29924139 XYG078 XFO177 VDM191 HYB257 PNS261 FNR290 TQJ709 LUL747 RPF832
DEEK 29925016 TTD036 MBO042 MAL128 LLT156 ONT221 JPO473 WAZ592 AIE637 VGC674
WYTB 29908712 DDO095 DOW124 XAL139 BYD173 NPV204 NYC224 TEI376 QBX695 FXL834
KAHP 29915653 ZEK304 CYV472 PAV741
XGPL 30000993 JXB228 XYM844 DRF880
VIZR 29972968 XYH039 TCN119 TJS141 AGM263 RUS480 CGD616 HSK720 YJA848 KUG941
VAJJ 29989105 OYF108 XYE156 INO410 ZUN683 JCV797
EDBH 29973532 MKL438 XXU501
QMPW 29996328 NNY025 QMX036 LDK259 WOP416 YRM628 VIC736 ONF767 JTF948 DWG996
YBBY 29854676 ISB072 ILV075 INW098 VUX289 YIK427 NFU933
MZVW 29968845 RTA151 OVX313 XOP417 MWQ615 CWO683 EEU893
WBIB 29979286 YRC018 CAG313 SUW325 NAE402 UVU436 PVK821 PVG977
JUUX 29999496 NWE084 AIP208 LSX217 WIM347 JKL435 GWR570 AZO774
WOBN 29972635 XGT013 KFN203 PDL224 BJN318 PNQ339 ZHE631 LSK724 ZIZ843
GAWI 29905775 YVF025 RKV053 SSN614 ZBT860
CBCT 29979476 AIU013 IQU269 HHG535 NLJ548 BIZ819
MGQM 29995625 WLM440 YOL574 TBV776 UMC859
SQSJ 30000346 MOZ016 XVC141 OSY181 GYC217 AMI605 DZS621 ILG660 QFZ741 VHV964 TGU970
VCNR 30002947 ZED577 PTO603
YHOS 29963428 AFP115 BCL179 MQU273 INP371 JDG413 RHJ428 XTS455 NUR515 ONK572 VTO609 SBW736 MHZ799
IEYV 29995163 SVF019 VUZ211 CQV224 CJO280 DMP335 GEI363 ODF457 PCB583 FSG874 QWH970
NBDI 30000619 ULX009 WPX135 TMS234 TCE470 VZS639 BSL675 JLE739 STG918
AHWO 29967932 TTC075 BXV440 LJH562 MGZ768 DRH802 QTG916
DMVT 29964684 AJR161 DZZ348 XZW485
KERC 29995510 LTD028 DPX116 AQX144 IQX152 JBI273 DFG469 DJH554 COK591 BAY610 RUJ831 DKZ883 OQC977
LJYJ 29995431 DVD082 OLT159 VML509 RUL753 MCV800
CUJI 29986143 MFN205 KPU240
EJMW 29964572 OHT035 EWU451 AON472 JDC569 XFA723 BYK900
OZOY 29957491 LWF043 IPW160 RRW231 LUW318 YPQ410 VXW421 SSG887 EGT994
KPGT 29977442 IXF071 NCM152 KXH995
MTIW 29989094 JRU301 QIN302 HPS315 OTT407 OZT593 WYP726 RSI808 NVJ858 TTH880 MUG943
XREE 30000693 WRA094 JTP558 CPJ661 IQJ698
ICTK 29944356 TMX039 AXE102 RDO109 HTV322 TAG330 PEI372 AGJ380 WHG550 EWO685
HDYQ 29991091 OJR175 ODC574 NXR608 GQD930 SXI964
CWNB 29980476 ULW048 NUU398 ZBF406 FCV793 ZAP985
JUUD 30001189 ZAY634 XMG706 VJX948
IVZG 29963333 MKM399 ZNJ622 QRG854
NHOR 29944820 MXL841 WGU973
TJAI 29934452 KCM149 JUY238 TYX411 LEE524 PEC606 BRJ722
RPSP 29930751 VDL230 YEL264 MAA557 UNJ617 DOJ631 LDA649 BSK714
XTKY 30002161 OFN207 BNP364 KAU775
QGFY 29951076 GFO160 EZB285 RNO419 RMG700 PFA715 NAQ934 KVG972
QVDI 29965231 EQW187 XUA188 ZTY223 RYA306 YJM380 BKM388 EXW404 SKI561 GXO718 BOB941
LBLG 29998753 OBN083 TTZ178 UCK237 VEH417 ZHB748 ZJZ874
TTXL 29949848 HSB071 HZG093 OGP160 ATY198 WXA280 JOS286 CHM296 BPH738 PVL782 AIY857 GJY894 XFU943
JKCX 29997876 ZRV278 CXY324 YDX765 CMD802
HQVD 29986004 KFP125 JBL156 XRX198 RTX254 ADD521 TZR676 GZL897
OEIE 29997031 KFB671 NPF828 SQC981 NUF983
QECB 29992311 GKO315 MSU335 WMM471 TFG485 NQN547 ASL674 HIB761 TIZ837 RDT914
ENYG 29950262 OMW073 BDL210 OPM556 JNI645 XOJ651 OTM680 BAQ922 ZKX983
IRUA 30004290 NIG572 GAY615 IAV734 MFZ737 JJB794
DRCM 29974012 ZRW239 NYA302 OMQ307 KUO629 EWM763
KLBY 30004214 IWG001 CLW030 IGS037 TEP103 BPU231 NRT344 CFH429 GDF449 QGD630 PCY686 SAV744 IHV951
RJJO 29995433 YAK179 VJG611 XHC707 FPF820
MPDY 29996120 NOY056 MYZ326 KID686 ZES992
YHQW 29990654 BBG343 QNP379 OYX406 CHJ413 RON489 EOJ632 KOD872 BHW905
DGNI 29997791 KYG065 GVR539 YJB809 BOC902 YNZ997
WOCV 30002577 WEP106 RHP194 DHN258 CVY262 FGK346 YRR433 TUS482 RWS542 MZS630 KOH716 YHA786 UPG796
JMFM 29996978 CCH336 WPQ408 STR489 BMD801 CZM854 EBS878
LYXS 29946426 AYF094 VVC139 IUA173 XTN650 VPG797 JZL900
BEPA 29964978 WAN060 DCI298 ZLP326 XQQ440 BCD491 RUM714 EBV761 AJB785 BWL799 YRD979
RRYC 29989517 NDA651 KMG693 SZP753 WAU787
JQNT 29975418 RFR054 ONX065 AVB157 VAJ215 LSW256 ZYB275 NPN516 BJH552 DFD586 DVK809 ZRG863
ORAS 29934412 NDL222 HSV291 GDJ293 PAZ585 NIE650 ZBX704 EQI733
GHET 29994279 TXH004 ZSC050 FWZ257 IXA266 KCH344 LUR513 TFF524 RZU557 JCB577 CEU891
WWTN 29944904 MPV203 BLK497 ORP501 VPM563
XTKJ 29970995 UER026 VAN059 GDO098 XSZ151 GDC566 SZQ714 QTK760 GBU802 OQD938
JKBQ 30001177 XMU160 KEE523 TSI810 VJY909
KTQY 29999390 MSS413 TXW419 ZCE476 KON482 GOK595 YTL729
NJUL 29974672 TOX101 YYF118 TOW140 QKR208 MLR235 AYA289 UPS328 ASP518 RSP535 CNJ599 TGA750 EBU800
HMMA 29943248 PLQ277 GWX336 UGH478 GQO501 LGG508 EQN538 ULJ555 FRM609 MXP685 GGZ762 TVG981
RAXH 29996013 JVZ230 GVH929 CAP962 BIV975
MTLB 29952044 ADP053 FQZ071 JEP093 SOW139 HBH310 DWR567 TJH570 SCA625 SQH786 WBT857 WEU911 MQC975
RPUV 29987262 WGT012 NXG037 THS079 XPW175 XNT230 UYT568 YKB840
FZLU 29976662 UIS111 XYS610
GYGR 29996581 PVC133 LQM584 FUM702
RJII 30003991 NLQ275 KLO350 NVR546 ERI764 PEX787
JMGA 29972706 YTC080 NVB170 UZE184 BQW185 NMR267 EJL399 AAZ570 RWR581 GUO625 YOI691 BTL706 NGU964
DTFU 29944769 TMW078 JUS472 ZQP481 QFW858
MZXF 29983092 ZXD166 PMS230 EXX365 WDE504 ECA611 CRE918 GIV980 JGT999
XZZA 29983691 XSD009 AVW338 OHA776 DSI794 EBR917 BVH924
PDEV 29958000 EVP615 WES989
BIYQ 29994869 KNW100 CJW968
HOSO 29997663 TCP041 ZHT046 OJU058 GWC155 UDI346 IEG443 FIG564 WWO703 UFA720 DHY829 NMZ955 YAP984
UBSJ 29996077 NYG068 HPX120 ESY171 ZMR279 AJN317 AAE389 BBE421 OHG542 KCZ642 MRD967 GQC969
TCXM 30004443 TWE090 FDO097 OPU244 BYA290 YZB305 VWW390 KZY394 GTS438 DWU450 BQO496 AEC591
LWWS 30002136 SKP288 QLF707 UVM748 SDW798 ESE951
UMHS 29982991 SIT070 PTC071 ZGQ132 UDM190 JRQ457 MUS475 PFB676 YVK830 OCU841 GEU895 FUG936 NJX940
KPLN 29912529 PYH031 EPZ039 YJO302 LRS381 EEG439 VGG518 BDD522 IYM829 GLZ917
INNP 29988529 HJF636 JTH870
DZUD 29992424 DLJ538 LEX783
UQPT 29909458 DHT024 EVE044 DQZ069 RED569 QNK574 ZWQ628 MPJ671 QHC700 ZZK955 FUF975
JQQT 29942768 ABI264 HCI302
XCLH 29999973 FEL245 KCD500 SDR993
YDKY 29951550 JXF072 IPV199 ERT335 PRP502 PSJ767 JNB918
QZNZ 29965097 BFP116 HCZ639
EYPO 29985327 QKV052 QJU060 KLT155 FQS344 TPN522 NFD596
JBTP 30000172 XDQ037 SVA214 JGN233 HMP339 MGH470 TFE563 WAA567 ACX710 VLF712 YLE754 AFW842 BLZ912
ZRDH 29989270 SST380 LNO413 XEF497 DHC687 ESF912
CJWX 29979066 MBP003 ZRZ122 SFP133 PBB552 WHE628 LJE679 ZBW743 JAT813 GSD992
UOMR 29998619 UTC076 RYC228
KVYH 29967760 XXG047 WTZ181 FRT336 TVP630 OPE868
LBNP 29972356 FWE076 FBH308 ZOQ380 SWU465 HJJ480 EAA549 PTP564 IGE583 ZZR682 UYQ685 RQC980
JMJC 30005378 XBP014 YOY067 KIQ179 SNU186 RQQ434 GRN571 SUP598 ALE730 TME780 WVK828
VPJZ 29881482 FHS065 WJU066 HAE396 UAX668 BLE731 HXM797
DMZU 29973037 OUY243 TWA246 VCH355 UVW358 RKK482 MPL593 WQI751 RDV836 KGV922
WOEP 29980742 XCL201 LYC222 NPQ399 RYW448 MJA836
JMHT 29999122 GFR043 KAK165 ENS250 YQU285
DEKW 29990258 GXA264 VAB527
LBMG 29977171 JNY021 PHT036 VTC077 GYD178 NYD185 RPT286 BQR379 AQG807 WFU942
YQDI 29786054 HRC001 YKW021 JIU022 JLV076 NQZ079 CQX146 YOQ379 QKJ520 SHC702
AUTI 29966080 JTW285 UEF494 QRN581 JWQ612 YHC708 TYO762 APF815 OAQ935
MCLS 29973374 XJV028 AIM325 SZX441 QWU463 FOM516 USO577 IHD653 EEY737 TAV745 RPE871 XGW896
GPXI 29988411 BYH017 MOV172 HWB195 TOS296 OEJ332 AAR882 MQE897
CQEZ 30003872 UQX164 MTV327 RKL443 PPO479 YFG490 CFC624 VVP632 ZEB655 FVJ850
IATY 29905691 KGT000 WMW081 PSZ143 SQX162 ILM426 KFH437 QJD723 ZFT984
VAPN 29961119 ADN131 YTZ183 PPV206 FKN353 GKN354 LQR389 QVV393 VRR430 CAV728 HYJ945
ZADH 29980980 WOV182 GAE395 AWU447 OSR454 PKG636 RRL660 ELA890
BTPY 29934165 WQA063 MUZ202 ASV284 KWP652 TGC672 HHX872
DVOB 29922678 EKL430 UQO515 QNL535
VAPH 29980901 BHS061 JYG064 QIS107 CHQ140 QNR301 HVU423 CFB663 RDY719 MBV769 ZZO799 XAT827
VAPJ 29994891 LQW194 PBK201 EIM329 GNQ330 RUR519 SZK948
HXGC 29969814 ELW032 EBO034 EJQ204 ROU216 RLP318 WNQ346 ALM418 ING722 ZYL885 BOA980
KNJZ 29971913 OOZ018 GTY204 AYY353 EEF478 XQP479 USN616 KIB764 LRH810 LUI864 GVI890
LUVH 29985690 LSH841 ABP991
DVOW 29982859 LPP436 ABC498 FQK656 MZR669 AVM728 QMF738 BVJ846
NBJN 29978917 MMZ954 ORD969
PBDK 29919734 URZ117 IUX276 WLP323 RIM342 XPQ409 CXV441 MYS599 SGZ774 DKX961 AIV974
HEBA 30000613 UNS266 AVS494 PTM681 KRK692 YCV812 XKB839 FRE921 EYJ942
JQTI 30003015 CAH274 FEJ323 TCF431 OFG480 FTQ515 QJZ865 JIY866
QZOL 29973799 FGP151 BTV316 ZZZ370 WKB838
KTUO 30000678 DTC059 OCK231 KZZ355 OLM432 XAD451 CML490 ZFD608 VAY630 JZR666 DFZ728 TIA812
ICZC 29970071 LHT032 WHS082 GOU205 OAI247 PGH473 AUO619 ENE796 KAT814 AGV912
EBCN 29983255 ULT165 DOT241 SVY278 PXU493 TLH632 MQI741 KSG879 ATG900 JPB980
VNHR 29969932 HVF008 ZQB027 RJN334 MBZ613 UWQ623 YRL667 POH721 YEY757 KGY805
OELE 30001419 FMU142 BSY168 HYC218 QQS355 XAC490 WTQ532 SZU558 KGC663 EXN755 JSH839
YHTI 29976569 RVE057 OWE085 ROW138 BRW215 HIO254 WJP261 CEJ320 CXW402 QEH412 YPM566 UMB898
PLWF 29985653 QVB173 HHP184 ANQ324 CST364 AQN534 WJF651 BZQ697 SAS861
ESEF 30000080 PAJ209 WCK239 JZA329 ABF381 ALJ535
ILKU 29977343 FAK160 XIP231 MNR297 YAA569 LFW853
GWGG 29988591 XIU036 UKS173 NJQ213
GDAV 29980007 EYG059 FIM330 GLJ541 WGX856 YEU913
XVSR 29981288 KNY022 AZE164 YQV246 NFL284 LOL561 OIF612 MZP747 JIZ827 CWK839 OVJ859
PYPX 29919145 YFR061 IYZ322 MZA332 JVU425 CZU542 SNK576 IZS626 BNC871 XNC893
SQXW 30001323 YCK241 BAH273 IJI520 CCB570 ZVP636 TMG702 BHZ788 LTG911 XAP983 LMY992
FKSI 29972983 ODP067 JHN264 VPT290 ARH799 QMC855
XAIT 29982014 PCP037 EDJ291 ESS405 NBR926 DVG965
KNLK 30001085 YCN124 QCJ272 MJN329 QOL566 PTF954 CUF972
QZRK 29953296 AXA258 BDI327 ADG404 BGI420 DNN444 RXR612 QQJ706 PGA746 WNE814 RMD817 GKZ886
ILNR 29979521 HZC249 NAH285 KHL343 FZX428 AIG559 NKH595 NRM617 ULG672 YBX703 DXO715
XVVD 29992867 INY020 GDK254 ZSW270 MQL624 TAX667 CRI762 JYN791 DOE826 HGW880 VMA938 QCQ999
QEHW 29982483 WDO114 DIN289 OLH627
VARG 30002002 UEN182 REL257 JYB259 BQS340 ZGJ405 LRL654
EHRX 29941044 EVS498 EIX900
MVVV 29998498 AQW183 JXW409 YSQ503 DZU543 LJG601 QOI683 XUM720
MLBN 29995899 RUE026 HGL309 JVV386 FAD433 BOI668 MTM678 GDR981
IWDH 29921442 IVF009 HGP153 KXC190 OGL316 ELO344 KKI553 AXR595 GKF666 CNF755 ODV833 HCU834 OGU965
EULQ 29967212 CCP024 JWE080 VIJ463 RWP659 KPI708 ULD789 CLC810 QIZ834 QGX850 AUG931
HKPA 29973289 ARX175 MYY365 IHF575 JSN605 CDA640 TNH694 UBX699 OUM711 XSF931
DNAL 29992793 ZRC019 ADL209 ZKN373 GHK378 URS390 WZV523 FRO531 XCY694
DVQU 29968778 KXG034 JYD181 OCE465 LNK569
EDKF 29964356 YNS270 EPT273 ZLQ287 JJK443 TYR645 GPI704
XETY 30002657 BZE165 QZY400 EFC626 LHD656 JEV859
DGRS 29994453 MTB107 EHQ142 JAH281 YOS301 UFJ369 SRR427 PTR486 CBA578 BPK621 ZLG677 RQE902
NWVL 30000003 QBP007 USY187 FFM237 OJP253 XCF435 XLM441 GYP710 UAQ941 SPC950
GYNX 29997583 YZQ720 GRH805 DZM855
ZVNZ 30003972 YNX075 FEZ699 VXN772 PNB924
CDQD 29988164 PUD063 SNW108 CHN257 KBH313 RQH785
OZXB 30004356 WXH007 VXG045 PJS137 ASX206 OYC225 VEG456 UOI687 HNG721 FEW816 OBS888 SNC889 KMZ952
COFB 29990070 PBN084 HQV229 DTV318 LVW349 WHJ433 RPK637 BWM760 ZIB779 PPD908 AWH954 ESD990
ELZJ 29986389 RTW293 DHH492 SJF647 XPJ682 IXJ915
BNGB 29963976 RBN086 XIQ192 OZA334 KXT527 NAT817 HKB823 WZL913 BQC964 JOA988
LMGB 30002420 JFP124 CTP551 AES967
MLDJ 29904696 DST365 OQO509 GMD806 SRH817 KLB857 PCQ998
YWWC 29999055 GYG061 YXE126 ZWT511 DJG593 FLG657 FZQ701 IVM736
KTZQ 29877548 IXG032 YTD041 FOX087 IHP185 RNU186 VQT321 SDD539 UBA596 SGC671 OSE961 JVG971
ASUZ 29962609 KCK227 WNK580 AEB630 IHZ795 SCS923
RHNC 29989787 SWR582 ITO596
DNCH 30000216 IYD180 ETY202 DLP304 DZQ699 RBS891
AZBU 29990902 MGB704 PGZ771
ASUO 30005229 WIY879 IHU990
PQEV 29912356 JNS255 WHY848 GFT965
AMIF 29958395 GXE108 YKO333 EXT521 GZU546 BRG839
RDFE 30004097 YVE064 ZDP078 NZG099 ZCD515 PQM588 UNH695 QMG699 VDW801 UZN833 XTI845 JZM861 JDT906
VTZL 30004866 UIT072 FIA798
HGJC 29996637 DXE105 TBF400 SEB648 NUK788 XJW989
HINE 30004165 PFS013 ZTB120 MWB200 BOT239 HQT307 SOQ373 FHK377 ODH379 PIG574 LID687 CPF817 KTH871
CBMT 30005818 RJU061 ZWX355 IRR417 GML494 WCB590 LZR668 TKC796 UDV839 LJZ860 ICS913 XHV966
PDLT 29907018 PGT005 VXH006 JDL218 IRW222 DHI453 NMM462 BFE545 UUQ561 DBX682 SIB772 UBQ972
ZAHS 29998378 BMT177 VJQ221 OCZ646 ZSK738 HLA893
IWFV 30002857 DHS063 RJR178 OEM215 YJL419 CJJ475 DGF539 EAV730 KAV736 WPH759 QZN829
ZTNK 29997231 GSW251 VIH541 AUP580 TEV869
FTIY 29977282 XOT261 RDK265 BWY292 VKO330 OIJ456 ZGF561 PFD598
ZZYE 30004284 GYE139 UYY373 PYJ953
FEJR 29979031 KQS349 ZVQ597 DSF911
XCQG 29957244 TOK608 VAU786 RNB926
UXCN 30002915 BSA104 VKJ525 BQL613 RXN768 HYN789 WQH790 QTE994
QCFC 29937474 SER024 MKT126 OFP129 EKQ235 KMO381 BHG529 JFC631 BBY641
HEDS 30002363 MQZ078 HHR106
SZMO 29996239 YPU254 QRV269 TNQ343 YPR371 NRO539 FOF789
USZP 29996297 YKS177 XRW237 JXZ292 TWT505 ZBC523 IUQ549 RGB709 GVJ851 ACQ983
PFOV 29980101 BCM140 EKP274 KMQ303 OPS322 SKO327 WMH666 HSF915 UUG951
QZTG 29946341 GUX274 PUX283 PGI434 UWT506 GAB512 WUQ563 NGA744 OUI867 USE967
JQWI 30000998 AIK403 EDW784
QMZX 29964029 SWE089 JSU332 KWX340 HON479 JMJ575
CDTQ 30003063 LEK290 XWV431
ASXE 29988216 FVC123 OSS415 HJK441 TQN553 ZTI847 AWG993
CDTN 29908297 QFP131 ROV177 CKQ233 XUY252 NEK292 VPN524 KHD655 NJD720 DEV853
CMES 29955063 UIU033 IIA801 SXJ925
MEYN 29994013 WOY065 MZG098 FBK191 COU201 RPV208 FRU297 VNG735 BHA763 VJZ870 ADT897
YSPX 29991745 MFS010 FGR073 KGO195 EWA231 FDJ292 TJO297 BDH366 NCA620 NGB705 UIB774 OIZ832 ROC918
WKFW 29964749 ANY012 LNW101 OYD186 GYT554 BMI606 WSF930 NTE991
LXAJ 29953696 MSA115 VLR244 WBI286 UHL353 UBZ621
OXYI 29945794 HMX027 IKV044 PBO045 BUY230 YDL233 LST373 WGZ778 PPF830 VQF867 GIW941
KPUO 29994383 BQB003 PEL255 BWW370 JTR480 NNG727 QEY749 OPH751 TAR901
XJBD 30002667 KHS070 FXE107 XJK457 VBX700 ZGZ781 EVI888
VWAW 29967602 MPY086 TJP258 HKK472 EGB696 OUL750 XCW772 JNA957
NQLJ 29959617 MRZ109 DNV132 VOP415 VGH479 NCX723 JRI769 MTJ795 HDT904
NOHI 29997129 EJN321 QRR425 YSS426 KRO536 QJG606 VOI688 RZP752 OIY871 XUF993
WKER 29941948 CYE135 GVZ227 YLP325 FNM485 VLJ556 ZSF933
TYJP 30003912 KJV015 YZG110 LIM336 KEX782 PEW826
GYQL 30003360 NQA054 WNT229 NKK478 TEF493 SLI592 JDX750
UOTE 29939902 KZG096 FPU235 VMS236 KHN265 TGL321 JOQ364 JIL373 MHJ423 IWL806
GYQM 29962730 WCQ005 VYF115 GVA202 EFI392 LLM429 AFF505 RIH537 XKE722 CDW782
XVYV 29974210 TKJ523 OIX910 EIV978
EYWV 29995963 ZPU255 FOS282 KNG724
QTIX 29919848 TJV024 ZAN063 DXF066 AOX082 TSZ147 AUV346 JTU363 GQR384 JCE460 SMB896 UWH974
AZGL 29981823 EHT025 QQZ082 KEM211 SPT287 LPM553 RNH692 YEA693 AVL767 IYL868 TDU877
ZGXS 29953927 HDO099 HQY112 MLT157 JBK195 CBF383 GUJ820 UDU878 PNA963
ASZD 29983750 QSD002 QNF769
CKCW 29907609 RUC104 VWA248 OJN331 OVU430 UDD541 MNI648 MKE711 OTL719 ZYM846 AKA855
IUFE 29984683 ZGI444 RZQ713 JMF731
ILTY 30004467 ZVE065 GGP152 LPW163 WWA249 WSW267 QYZ330 TGJ399 TAW706 CNB911 XRE939
RJVH 29994005 ZBP016 JDN140 NZE177 KNR295 PKO324 KSU333 XIH543 MNJ609 EWP646 RTH878 OET942
WQUB 30004746 MIQ181 EGN228 LSU334 FED557 WYT570 ZVL792 XAR905 YUG955 UYI997 MSD998
RLZV 29960297 FRZ102 AAL116 QQY121 IOT246 OQR392 UGI439 IXT525 JIG568 OVO664 KUK785 GCU833
KNSB 29993756 DWX333 CNO404 YDE506 JID685 FFA705 BLA887 ETF943 VVH944 LSE958 OHU996
XJDL 29962127 PLT160 QEL256 IUT432 FOO438 OOO447 AJJ473 QUS479 JEF483 TSP537 VJE689 FWL803 HNZ980
CSSM 29978308 PLV082 JKR201 KHB733 UCU847
AGAB 29941636 TLV086 ISY175 NBK199 ZYV495 CDB601 LSD997
ORMO 29907363 NOZ017 EWX334 QGK357 HFI395 UZV521 JMH653 GAX654 UKD758 JKA864 KZL901
TUDI 29983227 QST378 OPQ400 YTS456 MVS506 IPM550
KYFZ 29977208 ZNX076 XNQ347 NVS507 EOM515 OZU554 QJH567
CMHY 30004173 ZYH041 XLU129 ICI303 OOR330 MAF362 EDY706 FQI734 HXK875
KPUW 29968811 LNT218 OVZ235 QYA305 ILB855
OAKZ 29973885 YOV184 RQR395
MNKV 29957636 DNU171 ELM422 OJK448
QPCR 29984575 PAN053 RCO078 EKR196 CJP241 KHM304 NYZ327 NFH440 USL694 EGA735 WAS865 AAP960 FDR980
YSQX 29989944 WTD039 UWE091 WMQ315 VZW483 FDE487 ACA607 AZP735 NAV739 FGY800 LPC943
IWIF 29982615 NZT592 SJG608
SRAJ 29956790 FLR228 WAH294 SOS295 PYW446 MXS568 TZM871 WPC954 PWH969
BRUM 29988651 PHP192 FRW219 ABZ601 VXP694 BSJ753 CXJ909
BCWY 29970609 FAL121 ZKS178 YVY284 KAE399 DPP428 YXT541 BRK683 VDZ684 JAP969
DNFY 29989684 JFS007 JPZ044 DCM142 LOS288 UOQ375 VHH510 WTO610 ALG652 BIC716 ENG718 JKZ889
RUKA 30003375 SRC012 HSC032 IHS068 WMS237 LVY271 JWY300 YBG366 SCD508 FIW940 CDR977
DEWJ 30001931 HSR447 QDV835 UNZ993
WBYT 29975162 HKU082 PEJ333 MBE432 KOM521 TIW954
PSPA 29981267 YTR495 FLH618
TFJM 29951814 QUC103 VIO268 XSW269 VSR461 VFE565 KVQ582 VJB806 LKA866
QCML 29980450 FYH021 RER023 IZG094 WIR152 IQW191 PJP254 GWV414 TIJ461 KGA741 BUG932
OJAD 29985838 RMW076 JFQ085 FCE456 DSN599 EQF850 UOD882
VJLO 29981462 EQA045 JTY207 WGN246 DVS497 DXT520 UBW738 ZUL761 KFT969
GJWU 29975429 IEQ053 CCG375 OVG976 FHU987
ZLBX 29919369 UEM221 LDJ298 AUS463 CEF476 AOK589 UVQ592 EXP677 YRI784 YTI846 MOC913
HRDA 29985370 ETD021 UAE409 MSP530 LCC540 PLH628 LSG880 GSE953
FEPZ 29983140 DOX085 CYB252 HLP308 BRT332 WOR338 UFG486 ABU796 BQG808 QXL845 UAS863 FOA984
RHSJ 29994681 QGP162 LDU869
UKPP 29962312 QZH063 ZMW084 UKU095 VFX824
NQQI 29994526 YIQ193 WRU314 OIM339 GGJ386 TVR552 VPJ680 PWO696 EBW722
NMIE 29944818 EZH051 TBM127 AVY260 QKO325 VPO485 FZS623 CGC655 PKC792
TUIM 29996226 IQT308 JVX309 KKL436 KCC539 MLI586 SLE748 YXN775 JCT875 VIX917
AQZF 29990678 GCL184 WSY189 UWB208 RKB833
KHJS 29987551 SVD097 RWC166 SGO203 UYZ334 RHK389 CDG406 JMM458 FEF479 LMZ953 OOA993
QRLN 30002147 LNY023 VHY847
OLFK 29985475 EOE827 ZMC864 AFU920 PYI992
SADW 29968637 ZJU069 VUC108 SAK173 EOO437 PUT439 NEB643 AMH644 ENF757 RCU844
BLLY 30004373 NSC038 KQZ076 UGQ127 SOV178 EXA262 HST369 DRM607 GKE705 WCT888 FVI889
QNDV 29952739 CGS031 BHQ139 QQX160 WKR214 RPP442 LGA742 UOE843
WKLZ 29984420 THL352 HGI426 ZMK552 EKE703 CJB787 JBT844 JMZ951
NQSX 29997132 YLW052 AGR068 HMU144 XPS331 AKH582 NHE619 RDZ680 WZO796 TMB897
IBDY 30004133 YIU037 LJO289 RRS387 MIF610 UFX823
QCOE 29981906 ROX099 URY156 MDL221 KTX247 JRT340 BPM543
XYEK 29973185 LEM212 KZD213 ADE482 AHE606 ZBV782 PCV803 YOF808 EFV885 QUG947
JVIO 29877522 GVO656 MNE804
BWAY 29990928 UPZ055 VIS112 RXD158 EVZ225 FZA325 QGI435 UCC549 FHC689 HJY895 DOB943
TLXS 30003065 RIJ459 LML499 ZMJ591
TYRL 29971061 LUC098 QCN116 TTA153 XKP293 TCI314 VCG394 AKK465 DUN661 DJC749
PSRK 30003755 QGR084 MAD440 ETP553 MUM709 JXN760 DZN816
TSFE 29990394 STD035 PYE148 UJP259 XDK271 HKP277 QOS293 ZJM381 EVT459 HWO688 JWM768 HMB885 DMY984
EFYT 29917894 QIU029 PAL131 MEN174 PIM340 XCH357 VAA566 CEC593 NDX754
HPCZ 30004269 OJL409 HSQ486 MFD595 IQE893
AIKA 30002640 PPA025 HGG504 FJB790
CMMB 29953765 CKG623 ULB867 LCS916 EKY923
RYVU 30004236 MKW009 BIO248 HWX337 QCE467 HAX655 JZQ705
FCNV 29961219 ICF420 OFE558 QKI559 AJA824
XRWL 29968638 SWF050 IZX431 XXP696 CYO745 NUL749 UHA782
CXBF 29945452 LXC191 HQK658 BFZ726
RQFR 30003285 EQB006 ROZ021 MNX063 JWD119 KVB167 FZC247 UWI935 XMA940
JEGA 29934515 XHU005 IZI016 NDM183 ZQM598 FVP616 SBU814 PXI961
MPTJ 29982186 EFO158 HTP556 NBQ965
KHJI 29960467 LTY209 OVA210 FNT212 QYY369 XPM565 LVP622 QEA685 SQI747 IEX780 DEW814
UZRR 29981291 SNR303 EYT552
CMNA 29972609 OWG007 ATA134 QUA181 AHO216 EXB223 SLO358 KZW472 KPN513 CTK746 SEV868
CBXS 30000703 KVY270 ABG342 QIJ458 JTM675 XZN836 COD864 WVI906 JOC910 ZZL916
DYBT 30004648 KWG003 UKW017 BVD080 JAM086 VXC201 AZA320 DWT489 ANJ597 OSM649 TEU908
LZMI 29983056 ZSB089 HAL123 TVB176
RWUX 29929438 IDQ022 WHT043 EBI268 LBH314 TNP382 LTP560 FWP647
RDPT 29962836 GMW065 BLU107 SLT163 ASO557 SKG639
JXOS 29944645 LNV140 QXY338 NON485 ERL647 GCY677 HOH713 OJD721 BBT836 ZGX859 IMA925
QLBW 29954988 RYY370 OTQ524
RSLQ 29964090 CBM110 GLS190 LTW287 KPR357 JZY393 VTQ531 QJA840 ORG852 IWJ884 YVI908 DCQ986 WDR997
DNLF 29974307 YBJ249 JGF545 TKI562 QQL628 AOF784
CIFZ 29915002 RSO574 PVJ860
RQHI 29995951 KRW224 VFF526 SPI716 NTI835
FALW 29954798 NIP221 THO235 BSW246 RRU309 ZYZ339 PUV361 YVQ596 ULF711 ZKE724 JTK753 NCQ996
CGBV 30002997 NGS042 JUX277 LON483 UZU560 NXP686 ZJA849 LDT908 DDS939 IPC940
KUEF 29970100 DNX054 TNT226 BJF630 QYO759 WBV779
PUVZ 29984328 JHR108 PLO355 PFJ364 NCG386 GBY646 LBT846 ZGW898
QETT 30005135 KKW007 ZMV123 NFI401 AEG435 JHH498 TUQ560 ABX679 NVI897
DHAJ 30003802 BEP085 KZF135 XGA754 ZBS899
PUWH 29991791 FSW250 PCJ271 ZVX324 SVJ863
ZTWV 29987095 ZPK645 FVO655 UGB712 MLZ923
MNRB 30004274 HYE140 PTZ174 QGG513 KOL560 FBW723 LXN762 DZO777 QWL814 JVH932
RHXA 29971954 YYH040 VMQ314 RXX378 WJI534 PDD536 IJG598 UIC735 CHA764 JBU805 ZNA973
SGRZ 29995127 QGM279 XLQ285 SHJ429 IFC630 DXP676 FHZ792
VJOM 29999286 AGQ107 NSZ141 GYY359 MST374 SMO389 UWV428 UNN461 UNM500 KGF546 OIE651 BYM822 JND840
EZAH 30004928 XIE660 HPG783
FCQP 29981604 OBI278 GUW313 EMN414 RVO667 NTM679 TCY690 CXO714 RUK792
VFGL 29989825 AYG055 MVC130 ZIL389 NCD503 XDY725
MFBB 29962829 YXG048 ZGS054 CVA198 CUX270 LYV481 PYU524 NQM586 MKH594 BXR596 XWQ626 EJB789 BMZ943
TBHA 30000075 KWA237 DKK468 URN585 ISM643 ZWM784
RHZI 30000357 WLW050 YCM163 FDU863 IJX935
GUTJ 29986630 SSD004 SHG546
VWKW 29989768 ROY060 MRX187
FVYS 29962909 RFQ093 RZY401 WRR431
XWEM 29922960 JRC003 RZE181 LKO320 IGJ388 XUO642 IMH652 JWK846 MYK911 GES973 MPB983
GFWF 29999978 AJV005 PZI023 HXF070 AGP146 KWB198 VNT228 DYV473 EBA580 PVQ587 WRG860 RKZ897 TKZ899
XWFB 29989557 HOZ011 VUE030 OHS074 OHR113 WLR245 IMO379 VKH603 AAT804
TWRD 29996318 UXG044 ZLO365 GZW468 IMJ574 JBZ610 ENI640
HRKS 29903095 EKV040 DWY294 KFD593 QHD661 ZLD794 FJZ854 GJZ855 JUG940
GMDP 29963656 TZE183 SQT318 LWV419 QCF428 SCE469 QZW478 PBS889 GGU957 UPB991
SVSB 29916365 YGT014 NGN237 WJN339 MTK756 XUH915 ERE920
HNCT 29974768 LPX124 OLP315 AZV501 LCD502 KAA555 BBV758 TDW799 CJZ851 ZDT922 CCQ985 ZVG987
TOBE 29978494 FTZ164 OCL192 YIP232 WPU252 EYA293 ZYX417 YQQ441 AEA669 QPJ675 BQI730 GHY832 ERD959
AXJW 29945829 MUL748 HYK906
RQLG 30003409 QBM124 KJS132 KEL250 VXY343 TOI686 SVN707 STI840 GFW848 GET934 JDS945 PTE993
UVME 29986786 BWC150 JQH777
YOST 29967573 XHP200 SNM498 VVR554 FSN601 KRF887 WQE907 RYI994 SMY999
HGVU 29986334 RAY626 PND846
AKSG 29995529 UBN089 FWD115 EBH307 DWS528 MMK539
EQQE 30000819 IDM178 DVZ224 LFM243 TFI407 DIF601 PMI620 ESM639 JNG723 CXM792 RFT976
DLJC 29963397 PKL441 CBD461 MBX691 JKX967 QVG978
QEVI 29989552 LFP126 DMU140 DVT458
NGBJ 29999087 YWZ276 YXA282 VEK300 CIG561 XYT571 WGD636 QIV990
VBAD 29995170 HOV167 QOT254 GVY266 LWY302 VQS360 YKC801
CVBD 29992331 DRA075 TXZ302 TLL476 EJI516 UNF773
WMTB 29999312 OLX003 OBP005 FDQ019 TIT071 MWD122 MOU211 LGM274 QWW385 WHC706 SZN831 MCU839 YMA941
XJKR 29978599 GLV073 HUW314 BDF444 GME767 TSG888 OFU934 GYJ944 RZK947 SDS954
MLPF 29872351 PGQ122 QPV207 KLQ272 BJM357 AOO433 ZVT480 ZTR496 DMH647 MEY745 OVI898
HAIB 30003990 WXC202 PSS416 GFF511
AGJO 29971644 ZDR000 QKP286 YLN403 YZW486 MRN577 PJD722 RSK730 WUI875 UNC890 ONB923 FJW971 UOA999
OTZQ 29978824 XVE063 AFH427 XHG551 JOE832
HEQO 29985629 HJU051 UFO174 WAP982
